OMPL version 1.6.0
Experiment KinematicChain
1 experiment properties
num_links INTEGER = 20
Running on 081389abb4ee
Starting at 2025-02-19 04:00:23
<<<|
Properties of the state space 'RealVectorSpace0'
  - signature: 2 1 20 
  - dimension: 20
  - extent: 28.0993
  - sanity checks for state space passed
  - probability of valid states: 0.025
  - average length of a valid motion: 0.642824
  - average number of samples drawn per second: sampleUniform()=3.34301e+06 sampleUniformNear()=3.40297e+06 sampleGaussian()=1.62163e+06
Settings for the state space 'RealVectorSpace0'
  - state validity check resolution: 1%
  - valid segment count factor: 1
  - state space:
Real vector state space 'RealVectorSpace0' of dimension 20 with bounds: 
  - min: -3.14159 -3.14159 -3.14159 -3.14159 -3.14159 -3.14159 -3.14159 -3.14159 -3.14159 -3.14159 -3.14159 -3.14159 -3.14159 -3.14159 -3.14159 -3.14159 -3.14159 -3.14159 -3.14159 -3.14159 
  - max: 3.14159 3.14159 3.14159 3.14159 3.14159 3.14159 3.14159 3.14159 3.14159 3.14159 3.14159 3.14159 3.14159 3.14159 3.14159 3.14159 3.14159 3.14159 3.14159 3.14159 

Declared parameters:
longest_valid_segment_fraction = 0.01
projection.cellsize.0 = 0.527689
projection.cellsize.1 = 0.469162
projection.cellsize.2 = 0.539772
projection.cellsize_factor = 0
valid_segment_count_factor = 1
Valid state sampler named uniform with parameters:
nr_attempts = 100
Start states:
RealVectorState [0 0.15708 0.15708 0.15708 0.15708 0.15708 0.15708 0.15708 0.15708 0.15708 0.15708 0.15708 0.15708 0.15708 0.15708 0.15708 0.15708 0.15708 0.15708 0.15708]
Goal state, threshold = 2.22045e-16, memory address = 0x55d16644cbe0, state = 
RealVectorState [3.14059 0 0 0 0 0 0 0 0 0 0 0 0 0 0 0 0 0 0 0]
OptimizationObjective = nullptr
There are 0 solutions

Properties of benchmarked planners:
Planner STRIDE specs:
Multithreaded:                 No
Reports approximate solutions: Yes
Can optimize solutions:        No
Aware of the following parameters: degree estimated_dimension goal_bias max_degree max_pts_per_leaf min_degree min_valid_path_fraction range use_projected_distance
Planner EST specs:
Multithreaded:                 No
Reports approximate solutions: Yes
Can optimize solutions:        No
Aware of the following parameters: goal_bias range
Planner KPIECE1 specs:
Multithreaded:                 No
Reports approximate solutions: Yes
Can optimize solutions:        No
Aware of the following parameters: border_fraction failed_expansion_score_factor goal_bias min_valid_path_fraction range
Planner RRT specs:
Multithreaded:                 No
Reports approximate solutions: Yes
Can optimize solutions:        No
Aware of the following parameters: goal_bias intermediate_states range
Planner PRM specs:
Multithreaded:                 Yes
Reports approximate solutions: Yes
Can optimize solutions:        Yes
Aware of the following parameters: max_nearest_neighbors
Planner RTP specs:
Multithreaded:                 No
Reports approximate solutions: Yes
Can optimize solutions:        No
Aware of the following parameters: goal_bias intermediate_states range
|>>>
<<<|
Architecture:                         x86_64
CPU op-mode(s):                       32-bit, 64-bit
Address sizes:                        39 bits physical, 48 bits virtual
Byte Order:                           Little Endian
CPU(s):                               32
On-line CPU(s) list:                  0-31
Vendor ID:                            GenuineIntel
Model name:                           Intel(R) Core(TM) i9-14900HX
CPU family:                           6
Model:                                183
Thread(s) per core:                   2
Core(s) per socket:                   16
Socket(s):                            1
Stepping:                             1
BogoMIPS:                             4838.39
Flags:                                fpu vme de pse tsc msr pae mce cx8 apic sep mtrr pge mca cmov pat pse36 clflush mmx fxsr sse sse2 ss ht syscall nx pdpe1gb rdtscp lm constant_tsc rep_good nopl xtopology tsc_reliable nonstop_tsc cpuid pni pclmulqdq vmx ssse3 fma cx16 pcid sse4_1 sse4_2 x2apic movbe popcnt tsc_deadline_timer aes xsave avx f16c rdrand hypervisor lahf_lm abm 3dnowprefetch invpcid_single ssbd ibrs ibpb stibp ibrs_enhanced tpr_shadow vnmi ept vpid ept_ad fsgsbase tsc_adjust bmi1 avx2 smep bmi2 erms invpcid rdseed adx smap clflushopt clwb sha_ni xsaveopt xsavec xgetbv1 xsaves avx_vnni umip waitpkg gfni vaes vpclmulqdq rdpid movdiri movdir64b fsrm md_clear serialize flush_l1d arch_capabilities
Virtualization:                       VT-x
Hypervisor vendor:                    Microsoft
Virtualization type:                  full
L1d cache:                            768 KiB (16 instances)
L1i cache:                            512 KiB (16 instances)
L2 cache:                             32 MiB (16 instances)
L3 cache:                             36 MiB (1 instance)
Vulnerability Gather data sampling:   Not affected
Vulnerability Itlb multihit:          Not affected
Vulnerability L1tf:                   Not affected
Vulnerability Mds:                    Not affected
Vulnerability Meltdown:               Not affected
Vulnerability Mmio stale data:        Not affected
Vulnerability Reg file data sampling: Mitigation; Clear Register File
Vulnerability Retbleed:               Mitigation; Enhanced IBRS
Vulnerability Spec rstack overflow:   Not affected
Vulnerability Spec store bypass:      Mitigation; Speculative Store Bypass disabled via prctl and seccomp
Vulnerability Spectre v1:             Mitigation; usercopy/swapgs barriers and __user pointer sanitization
Vulnerability Spectre v2:             Mitigation; Enhanced / Automatic IBRS; IBPB conditional; RSB filling; PBRSB-eIBRS SW sequence; BHI BHI_DIS_S
Vulnerability Srbds:                  Not affected
Vulnerability Tsx async abort:        Not affected
|>>>
10963309660169674 is the random seed
60 seconds per run
1024 MB per run
20 runs per planner
2370.42 seconds spent to collect the data
1 enum type
status|Unknown status|Invalid start|Invalid goal|Unrecognized goal type|Timeout|Approximate solution|Exact solution|Crash|Unknown status|Unknown status
6 planners
geometric_STRIDE
15 common properties
degree = 16
estimated_dimension = 20
goal_bias = 0.05
longest_valid_segment_fraction = 0.01
max_degree = 18
max_pts_per_leaf = 6
min_degree = 12
min_valid_path_fraction = 0.2
projection.cellsize.0 = 0.527689
projection.cellsize.1 = 0.469162
projection.cellsize.2 = 0.539772
projection.cellsize_factor = 0
range = 5.61985
use_projected_distance = 0
valid_segment_count_factor = 1
22 properties for each run
approximate solution BOOLEAN
correct solution BOOLEAN
correct solution strict BOOLEAN
graph motions INTEGER
graph states INTEGER
memory REAL
simplification time REAL
simplified correct solution BOOLEAN
simplified correct solution strict BOOLEAN
simplified solution clearance REAL
simplified solution length REAL
simplified solution segments INTEGER
simplified solution smoothness REAL
solution clearance REAL
solution difference REAL
solution length REAL
solution segments INTEGER
solution smoothness REAL
solved BOOLEAN
status ENUM
time REAL
valid segment fraction REAL
20 runs
0; 0; 0; 55; 56; 9.57031; 0.0295206; 0; 0; 0; 28.0869; 6; 1.09119; 0; 0; 47.2508; 10; 1.97328; 1; 6; 0.1175; 0.00607903; 
0; 0; 0; 111; 112; 9.57031; 0.0329377; 0; 0; 0; 26.2875; 7; 1.82376; 0; 0; 29.5467; 6; 1.90059; 1; 6; 0.299805; 0.00316122; 
0; 0; 0; 188; 189; 9.57031; 0.0334713; 0; 0; 0; 26.4211; 4; 0.5139; 0; 0; 41.5498; 8; 1.22214; 1; 6; 0.391135; 0.00467836; 
0; 0; 0; 164; 165; 9.57031; 0.0253343; 0; 0; 0; 37.1683; 6; 0.818171; 0; 0; 44.1644; 12; 6.15926; 1; 6; 0.352532; 0.00684932; 
0; 0; 0; 187; 188; 9.57031; 0.0225219; 0; 0; 0; 35.0221; 8; 0.481919; 0; 0; 50.0054; 10; 2.2299; 1; 6; 0.420483; 0.00580945; 
0; 0; 0; 65; 66; 9.57031; 0.0302317; 0; 0; 0; 26.5021; 7; 2.1721; 0; 0; 36.0551; 9; 2.44454; 1; 6; 0.0914198; 0.0160966; 
0; 0; 0; 30; 31; 9.57031; 0.0278927; 0; 0; 0; 32.2168; 9; 1.44616; 0; 0; 31.4816; 6; 0.579059; 1; 6; 0.0538499; 0.00310559; 
0; 0; 0; 120; 121; 9.57031; 0.0270425; 0; 0; 0; 31.5339; 4; 0.226908; 0; 0; 33.2772; 7; 1.6888; 1; 6; 0.348143; 0.00582437; 
0; 0; 0; 44; 45; 9.57031; 0.0243201; 0; 0; 0; 32.7577; 7; 0.732203; 0; 0; 41.9376; 8; 1.19249; 1; 6; 0.0535927; 0.0243056; 
0; 0; 0; 74; 75; 9.57031; 0.0178765; 0; 0; 0; 33.8906; 11; 0.65277; 0; 0; 39.1144; 8; 2.53397; 1; 6; 0.179659; 0.00682594; 
0; 0; 0; 183; 184; 9.57031; 0.0473938; 0; 0; 0; 29.3771; 8; 1.99262; 0; 0; 46.6484; 12; 3.74837; 1; 6; 0.440163; 0.00348675; 
0; 0; 0; 129; 130; 9.57031; 0.0358876; 0; 0; 0; 38.841; 8; 2.21284; 0; 0; 37.5386; 8; 1.69618; 1; 6; 0.242506; 0.00198807; 
0; 0; 0; 65; 66; 9.57031; 0.0247346; 0; 0; 0; 35.1565; 5; 0.670373; 0; 0; 34.8671; 9; 2.8036; 1; 6; 0.152739; 0.00503018; 
0; 0; 0; 29; 30; 9.57031; 0.029478; 0; 0; 0; 26.4328; 6; 2.11783; 0; 0; 24.0541; 6; 1.25959; 1; 6; 0.0691828; 0.0118203; 
0; 0; 0; 59; 60; 9.57031; 0.0233191; 0; 0; 0; 27.2786; 6; 0.898753; 0; 0; 38.7063; 7; 1.56985; 1; 6; 0.111175; 0.0103704; 
0; 0; 0; 30; 31; 9.57031; 0.026132; 0; 0; 0; 41.8383; 9; 3.78624; 0; 0; 34.5412; 6; 2.02862; 1; 6; 0.06874; 0.00959233; 
0; 0; 0; 58; 59; 9.57031; 0.0285112; 0; 0; 0; 24.5857; 6; 1.67004; 0; 0; 31.3691; 8; 1.83026; 1; 6; 0.132169; 0.00462963; 
0; 0; 0; 103; 104; 9.57031; 0.0263466; 0; 0; 0; 25.9746; 7; 0.656219; 0; 0; 68.3618; 13; 2.51988; 1; 6; 0.188852; 0.00975177; 
0; 0; 0; 51; 52; 9.57031; 0.0299577; 0; 0; 0; 32.0321; 7; 1.25293; 0; 0; 31.319; 8; 1.72364; 1; 6; 0.115655; 0.00511509; 
0; 0; 0; 308; 309; 9.57031; 0.0285898; 0; 0; 0; 30.8937; 8; 3.56076; 0; 0; 58.672; 12; 2.75119; 1; 6; 0.753418; 0.00286416; 
.
geometric_EST
8 common properties
goal_bias = 0.5
longest_valid_segment_fraction = 0.01
projection.cellsize.0 = 0.527689
projection.cellsize.1 = 0.469162
projection.cellsize.2 = 0.539772
projection.cellsize_factor = 0
range = 5.61985
valid_segment_count_factor = 1
22 properties for each run
approximate solution BOOLEAN
correct solution BOOLEAN
correct solution strict BOOLEAN
graph motions INTEGER
graph states INTEGER
memory REAL
simplification time REAL
simplified correct solution BOOLEAN
simplified correct solution strict BOOLEAN
simplified solution clearance REAL
simplified solution length REAL
simplified solution segments INTEGER
simplified solution smoothness REAL
solution clearance REAL
solution difference REAL
solution length REAL
solution segments INTEGER
solution smoothness REAL
solved BOOLEAN
status ENUM
time REAL
valid segment fraction REAL
20 runs
0; 1; 0; 38; 39; 10.1914; 0.0303919; 0; 0; 0; 37.2687; 11; 5.36872; 0; 0; 29.693; 7; 1.93529; 1; 6; 5.54732; 0.000704278; 
0; 1; 0; 10; 11; 10.1914; 0.0127468; 1; 0; 0; 25.5775; 7; 2.45115; 0; 0; 22.8553; 4; 0.33692; 1; 6; 0.400074; 0.00234742; 
0; 1; 0; 53; 54; 10.1914; 0.0329772; 0; 0; 0; 34.0882; 10; 4.96058; 0; 0; 25.7575; 6; 1.22846; 1; 6; 13.8747; 0.000416307; 
0; 1; 1; 47; 48; 10.1914; 0.0192044; 1; 0; 0; 24.4206; 7; 0.64007; 0; 0; 22.6528; 4; 0.118634; 1; 6; 11.5272; 0.000436612; 
0; 1; 0; 19; 20; 10.1914; 0.0120808; 1; 0; 0; 23.1182; 6; 0.535618; 0; 0; 23.5098; 5; 2.79885; 1; 6; 1.94926; 0.000961636; 
0; 1; 0; 44; 45; 10.1914; 0.030594; 0; 0; 0; 25.8444; 6; 0.539881; 0; 0; 25.4762; 6; 1.05217; 1; 6; 13.3151; 0.000358414; 
0; 1; 0; 37; 38; 10.1914; 0.0373861; 1; 0; 0; 26.2951; 7; 1.08015; 0; 0; 22.1851; 4; 0.275439; 1; 6; 8.15809; 0.000483231; 
0; 1; 1; 26; 27; 10.1914; 0.0210811; 1; 0; 0; 22.793; 5; 0.219025; 0; 0; 24.8755; 5; 0.586478; 1; 6; 4.18294; 0.00063835; 
0; 1; 0; 60; 61; 10.1914; 0.0195601; 0; 0; 0; 32.2947; 7; 2.15859; 0; 0; 24.778; 5; 0.678415; 1; 6; 16.0067; 0.000413491; 
0; 1; 0; 51; 52; 10.1914; 0.0226034; 1; 1; 0; 25.2028; 5; 0.191839; 0; 0; 27.4067; 5; 0.49431; 1; 6; 13.8596; 0.000410017; 
0; 1; 1; 40; 41; 10.1914; 0.0198047; 1; 0; 0; 24.0503; 6; 1.20102; 0; 0; 24.8506; 4; 0.562157; 1; 6; 7.92941; 0.000541462; 
0; 1; 0; 18; 19; 10.1914; 0.0242335; 1; 1; 0; 23.6986; 6; 0.299382; 0; 0; 27.8314; 4; 0.346506; 1; 6; 1.68615; 0.00103022; 
0; 1; 0; 31; 32; 10.1914; 0.0168149; 0; 0; 0; 30.5809; 7; 1.01889; 0; 0; 25.2575; 5; 0.72568; 1; 6; 4.84095; 0.000686585; 
0; 1; 0; 35; 36; 10.1914; 0.0335705; 1; 0; 0; 32.6894; 9; 2.23305; 0; 0; 26.7566; 6; 0.939995; 1; 6; 6.44503; 0.000559141; 
0; 1; 1; 40; 41; 10.1914; 0.0283515; 1; 0; 0; 24.5389; 6; 0.53109; 0; 0; 30.491; 6; 1.08813; 1; 6; 11.6471; 0.00037409; 
0; 1; 0; 33; 34; 10.1914; 0.0382144; 1; 0; 0; 28.6887; 7; 2.33549; 0; 0; 23.3585; 5; 1.12192; 1; 6; 5.41696; 0.000628428; 
0; 1; 0; 49; 50; 10.1914; 0.0245528; 0; 0; 0; 21.8471; 4; 0.505512; 0; 0; 30.1823; 4; 0.381883; 1; 6; 12.4344; 0.000425502; 
0; 1; 0; 34; 35; 10.1914; 0.04373; 0; 0; 0; 29.6845; 7; 0.964928; 0; 0; 23.4245; 5; 0.568666; 1; 6; 3.62357; 0.00100613; 
0; 1; 0; 17; 18; 10.1914; 0.0217126; 0; 0; 0; 37.6469; 9; 1.59206; 0; 0; 23.649; 4; 0.52888; 1; 6; 0.930105; 0.00183724; 
0; 1; 1; 50; 51; 10.1914; 0.0257837; 1; 1; 0; 22.7366; 5; 0.127062; 0; 0; 25.8373; 5; 0.583842; 1; 6; 21.9453; 0.000261359; 
.
geometric_KPIECE1
11 common properties
border_fraction = 0.9
failed_expansion_score_factor = 0.5
goal_bias = 0.05
longest_valid_segment_fraction = 0.01
min_valid_path_fraction = 0.2
projection.cellsize.0 = 0.527689
projection.cellsize.1 = 0.469162
projection.cellsize.2 = 0.539772
projection.cellsize_factor = 0
range = 5.61985
valid_segment_count_factor = 1
22 properties for each run
approximate solution BOOLEAN
correct solution BOOLEAN
correct solution strict BOOLEAN
graph motions INTEGER
graph states INTEGER
memory REAL
simplification time REAL
simplified correct solution BOOLEAN
simplified correct solution strict BOOLEAN
simplified solution clearance REAL
simplified solution length REAL
simplified solution segments INTEGER
simplified solution smoothness REAL
solution clearance REAL
solution difference REAL
solution length REAL
solution segments INTEGER
solution smoothness REAL
solved BOOLEAN
status ENUM
time REAL
valid segment fraction REAL
20 runs
0; 0; 0; 102; 103; 10.1914; 0.0291374; 0; 0; 0; 31.5552; 5; 0.266707; 0; 0; 59.2342; 15; 7.73135; 1; 6; 0.0471474; 0.000652742; 
0; 0; 0; 69; 70; 10.1914; 0.0271354; 0; 0; 0; 42.7996; 7; 1.00411; 0; 0; 64.8467; 20; 12.4726; 1; 6; 0.0371998; 0.0015083; 
0; 0; 0; 17; 18; 10.1914; 0.0223302; 0; 0; 0; 22.0758; 6; 0.808343; 0; 0; 36.5237; 9; 2.6467; 1; 6; 0.00780518; 0.00555556; 
0; 0; 0; 35; 36; 10.1914; 0.0271637; 1; 0; 0; 24.1873; 5; 0.230916; 0; 0; 34.7647; 12; 15.3294; 1; 6; 0.0217708; 0.00142248; 
0; 0; 0; 44; 45; 10.1914; 0.0271469; 0; 0; 0; 31.2222; 7; 0.686624; 0; 0; 47.1028; 13; 6.63702; 1; 6; 0.0219749; 0.00145138; 
0; 0; 0; 22; 23; 10.1914; 0.0350954; 0; 0; 0; 23.9297; 5; 0.927418; 0; 0; 45.6036; 13; 6.33605; 1; 6; 0.0147036; 0.00265252; 
0; 0; 0; 145; 146; 10.1914; 0.0458192; 0; 0; 0; 31.3297; 7; 0.701301; 0; 0; 84.5323; 32; 31.3582; 1; 6; 0.065962; 0.000399042; 
0; 0; 0; 94; 95; 10.1914; 0.0295617; 0; 0; 0; 31.5008; 10; 3.32729; 0; 0; 85.9459; 23; 10.471; 1; 6; 0.0472672; 0.000620732; 
0; 0; 0; 97; 98; 10.1914; 0.0264579; 0; 0; 0; 34.1945; 6; 0.889569; 0; 0; 54.3869; 16; 7.85986; 1; 6; 0.0510126; 0.00054615; 
0; 0; 0; 138; 139; 10.1914; 0.0295464; 1; 0; 0; 26.2042; 8; 1.22235; 0; 0; 45.7836; 18; 15.79; 1; 6; 0.0733237; 0.000373972; 
0; 0; 0; 69; 70; 10.1914; 0.0278569; 0; 0; 0; 30.601; 7; 0.583015; 0; 0; 80.9242; 24; 15.1905; 1; 6; 0.0296277; 0.0019084; 
0; 1; 1; 68; 69; 10.1914; 0.0205211; 1; 0; 0; 25.4508; 6; 0.326331; 0; 0; 50.6287; 14; 4.2731; 1; 6; 0.0363102; 0.000825764; 
0; 0; 0; 63; 64; 10.1914; 0.0317122; 0; 0; 0; 38.8856; 12; 5.27191; 0; 0; 78.2184; 24; 13.0588; 1; 6; 0.0208053; 0.00136612; 
0; 0; 0; 78; 79; 10.1914; 0.0319779; 0; 0; 0; 24.9604; 6; 0.62607; 0; 0; 94.9302; 25; 12.3297; 1; 6; 0.0395577; 0.000719424; 
0; 0; 0; 46; 47; 10.1914; 0.0302833; 0; 0; 0; 32.1308; 9; 4.49833; 0; 0; 54.2227; 16; 11.4336; 1; 6; 0.026391; 0.00121212; 
0; 0; 0; 32; 33; 10.1914; 0.0308613; 0; 0; 0; 29.4805; 4; 0.256931; 0; 0; 41.0731; 10; 3.54494; 1; 6; 0.0206452; 0.0015083; 
0; 0; 0; 45; 46; 10.1914; 0.0339161; 0; 0; 0; 30.973; 8; 1.30861; 0; 0; 29.3587; 7; 1.91974; 1; 6; 0.0317937; 0.000785546; 
0; 0; 0; 48; 49; 10.1914; 0.0293201; 0; 0; 0; 32.5919; 8; 1.0863; 0; 0; 56.3136; 16; 9.10179; 1; 6; 0.0273777; 0.0010582; 
0; 0; 0; 35; 36; 10.1914; 0.021595; 0; 0; 0; 33.8025; 6; 0.566823; 0; 0; 52.6354; 11; 2.6654; 1; 6; 0.0175111; 0.00201613; 
0; 0; 0; 98; 99; 10.1914; 0.0310306; 0; 0; 0; 34.2958; 7; 1.46714; 0; 0; 43.2424; 14; 9.05065; 1; 6; 0.0462226; 0.00058072; 
.
geometric_RRT
9 common properties
goal_bias = 0.05
intermediate_states = 0
longest_valid_segment_fraction = 0.01
projection.cellsize.0 = 0.527689
projection.cellsize.1 = 0.469162
projection.cellsize.2 = 0.539772
projection.cellsize_factor = 0
range = 5.61985
valid_segment_count_factor = 1
22 properties for each run
approximate solution BOOLEAN
correct solution BOOLEAN
correct solution strict BOOLEAN
graph motions INTEGER
graph states INTEGER
memory REAL
simplification time REAL
simplified correct solution BOOLEAN
simplified correct solution strict BOOLEAN
simplified solution clearance REAL
simplified solution length REAL
simplified solution segments INTEGER
simplified solution smoothness REAL
solution clearance REAL
solution difference REAL
solution length REAL
solution segments INTEGER
solution smoothness REAL
solved BOOLEAN
status ENUM
time REAL
valid segment fraction REAL
20 runs
0; 1; 0; 21; 22; 10.1914; 0.0299603; 0; 0; 0; 35.9089; 10; 1.47841; 0; 0; 28.3967; 9; 2.88753; 1; 6; 4.68505; 4.72342e-05; 
0; 1; 0; 21; 22; 10.1914; 0.0259109; 1; 0; 0; 30.3943; 15; 9.04715; 0; 0; 26.7362; 8; 3.41938; 1; 6; 6.07451; 3.904e-05; 
0; 1; 0; 12; 13; 10.1914; 0.0198646; 1; 0; 0; 24.2122; 6; 1.42029; 0; 0; 29.8892; 9; 3.04844; 1; 6; 1.51876; 6.85233e-05; 
0; 1; 0; 12; 13; 10.1914; 0.0398198; 0; 0; 0; 33.7493; 8; 1.75629; 0; 0; 26.1502; 7; 1.23605; 1; 6; 2.41927; 4.64396e-05; 
0; 1; 0; 60; 61; 10.1914; 0.0346138; 1; 0; 0; 25.3597; 7; 1.19702; 0; 0; 29.28; 10; 4.99606; 1; 6; 36.8183; 3.38386e-05; 
0; 1; 0; 34; 35; 10.1914; 0.0270361; 1; 0; 0; 30.461; 11; 5.70545; 0; 0; 28.9264; 9; 3.01698; 1; 6; 10.1522; 5.54027e-05; 
0; 1; 1; 5; 6; 10.1914; 0.0232508; 1; 0; 0; 24.2665; 6; 0.52507; 0; 0; 24.0079; 5; 0.200123; 1; 6; 0.6626; 4.69607e-05; 
0; 1; 0; 28; 29; 10.1914; 0.0220703; 1; 0; 0; 23.1572; 7; 0.691421; 0; 0; 30.8773; 8; 2.47358; 1; 6; 7.53127; 4.86077e-05; 
0; 1; 0; 27; 28; 10.1914; 0.0281567; 1; 0; 0; 25.769; 7; 0.689323; 0; 0; 36.7289; 13; 6.16581; 1; 6; 2.29064; 0.000148883; 
0; 1; 0; 32; 33; 10.1914; 0.0345927; 0; 0; 0; 24.8412; 5; 1.08549; 0; 0; 29.9075; 10; 6.66036; 1; 6; 9.82265; 4.81462e-05; 
0; 1; 0; 11; 12; 10.1914; 0.016919; 1; 0; 0; 22.2192; 7; 0.484611; 0; 0; 24.0266; 5; 0.176797; 1; 6; 3.43231; 2.6364e-05; 
0; 1; 0; 8; 9; 10.1914; 0.0223747; 1; 0; 0; 22.9456; 7; 1.58591; 0; 0; 28.8985; 7; 0.728618; 1; 6; 0.535352; 9.3375e-05; 
0; 1; 0; 28; 29; 10.1914; 0.0205759; 1; 0; 0; 26.9047; 11; 5.03072; 0; 0; 28.0357; 8; 1.70647; 1; 6; 9.03964; 4.22876e-05; 
0; 1; 0; 13; 14; 10.1914; 0.0235113; 1; 0; 0; 25.4625; 11; 13.7206; 0; 0; 27.6239; 7; 1.87217; 1; 6; 3.14937; 3.49481e-05; 
0; 1; 0; 11; 12; 10.1914; 0.027236; 0; 0; 0; 35.3322; 8; 1.17448; 0; 0; 25.0925; 6; 1.14464; 1; 6; 0.519782; 0.000190668; 
0; 1; 0; 31; 32; 10.1914; 0.0401276; 0; 0; 0; 35.5882; 9; 2.99904; 0; 0; 32.1827; 10; 3.98754; 1; 6; 9.89325; 3.9288e-05; 
0; 1; 0; 30; 31; 10.1914; 0.0277509; 0; 0; 0; 22.5012; 4; 0.538271; 0; 0; 27.9351; 8; 1.8036; 1; 6; 11.1184; 3.83369e-05; 
0; 1; 0; 42; 43; 10.1914; 0.0353231; 0; 0; 0; 35.3086; 8; 2.77277; 0; 0; 27.9998; 9; 4.74656; 1; 6; 13.7327; 5.2188e-05; 
0; 1; 0; 16; 17; 10.1914; 0.031737; 0; 0; 0; 37.5177; 14; 8.82088; 0; 0; 25.6934; 8; 2.55774; 1; 6; 5.78941; 2.20805e-05; 
0; 1; 0; 17; 18; 10.1914; 0.0252207; 0; 0; 0; 32.2947; 8; 5.46618; 0; 0; 26.8997; 9; 2.91363; 1; 6; 2.12056; 8.19447e-05; 
.
geometric_PRM
7 common properties
longest_valid_segment_fraction = 0.01
max_nearest_neighbors = 10
projection.cellsize.0 = 0.527689
projection.cellsize.1 = 0.469162
projection.cellsize.2 = 0.539772
projection.cellsize_factor = 0
valid_segment_count_factor = 1
26 properties for each run
approximate solution BOOLEAN
best cost REAL
correct solution BOOLEAN
correct solution strict BOOLEAN
edge count INTEGER
graph motions INTEGER
graph states INTEGER
iterations INTEGER
memory REAL
milestone count INTEGER
simplification time REAL
simplified correct solution BOOLEAN
simplified correct solution strict BOOLEAN
simplified solution clearance REAL
simplified solution length REAL
simplified solution segments INTEGER
simplified solution smoothness REAL
solution clearance REAL
solution difference REAL
solution length REAL
solution segments INTEGER
solution smoothness REAL
solved BOOLEAN
status ENUM
time REAL
valid segment fraction REAL
20 runs
0; 49.402598; 0; 0; 8941; 17882; 8021; 7055; 15.7891; 10263; 0.0333498; 0; 0; 0; 33.7149; 15; 1.96806; 0; 0; 49.4026; 24; 36.3582; 1; 6; 7.77818; 0.0471227; 
1; inf; 1; 1; 37937; 75874; 31871; 26917; 31.6367; 39615; 0.0021214; 1; 1; 0; 2.07415; 1; 0; 0; 14.8682; 5.82211; 3; 4.10521; 0; 5; 60.0722; 0.0567315; 
0; 58.919032; 0; 0; 17144; 34288; 14849; 13050; 44.582; 18868; 0.0354621; 0; 0; 0; 32.9084; 7; 1.43106; 0; 0; 58.919; 33; 49.5219; 1; 6; 18.8855; 0.0511288; 
1; inf; 0; 0; 37707; 75414; 31978; 27188; 44.582; 39689; 0.02204; 0; 0; 0; 25.8725; 8; 3.00878; 0; 9.79538; 25.0909; 18; 51.3482; 0; 5; 60.0907; 0.0558946; 
0; 44.861994; 0; 0; 16179; 32358; 14121; 12220; 44.582; 17773; 0.0274962; 0; 0; 0; 27.2436; 6; 2.16224; 0; 0; 44.862; 19; 18.4417; 1; 6; 17.4415; 0.0514027; 
1; inf; 1; 0; 36786; 73572; 30896; 26149; 44.582; 38322; 0.0105684; 1; 1; 0; 5.88961; 1; 0; 0; 13.8485; 11.5606; 8; 33.4673; 0; 5; 60.1048; 0.0570013; 
0; 51.221986; 0; 0; 14026; 28052; 12334; 10940; 44.5859; 15834; 0.0455822; 0; 0; 0; 44.3274; 15; 11.0207; 0; 0; 51.222; 32; 55.5598; 1; 6; 14.8829; 0.0485874; 
0; 57.902926; 0; 0; 20431; 40862; 17719; 15399; 44.8203; 22334; 0.0402967; 0; 0; 0; 24.2512; 7; 7.13513; 0; 0; 57.9029; 38; 63.7097; 1; 6; 25.1188; 0.0522414; 
1; inf; 0; 0; 36796; 73592; 31156; 26322; 44.875; 38531; 0.0304082; 0; 0; 0; 12.6693; 6; 2.85031; 0; 11.5584; 10.4337; 5; 1.31792; 0; 5; 60.0427; 0.0562592; 
1; inf; 0; 0; 37334; 74668; 31443; 26581; 44.875; 38938; 0.0218013; 0; 0; 0; 16.932; 5; 2.16869; 0; 11.7564; 10.3214; 4; 1.1589; 0; 5; 60.1094; 0.0567913; 
1; inf; 1; 1; 36193; 72386; 30535; 25695; 44.875; 37750; 0.00439372; 1; 1; 0; 3.89048; 1; 0; 0; 13.826; 5.40434; 4; 49.4468; 0; 5; 60.0464; 0.0566382; 
0; 44.194141; 0; 0; 13908; 27816; 12136; 10764; 44.875; 15484; 0.0449198; 0; 0; 0; 40.2443; 11; 1.58115; 0; 0; 44.1941; 30; 57.3968; 1; 6; 14.0014; 0.0500368; 
0; 44.831963; 0; 0; 8129; 16258; 7319; 6568; 44.875; 9442; 0.0307045; 0; 0; 0; 45.3906; 17; 13.5778; 0; 0; 44.832; 26; 46.4941; 1; 6; 6.83711; 0.0467782; 
1; inf; 1; 0; 37929; 75858; 31948; 26872; 44.875; 39466; 0.00790984; 1; 0; 0; 6.78344; 5; 8.63172; 0; 14.2479; 8.2662; 4; 2.88826; 0; 5; 60.0555; 0.0569493; 
0; 44.156031; 0; 0; 9892; 19784; 8862; 7962; 45.3516; 11471; 0.0280944; 1; 0; 0; 25.337; 6; 0.484496; 0; 0; 44.156; 24; 31.895; 1; 6; 8.93317; 0.0463342; 
; inf; ; ; 37493; 74986; 31602; 26880; 45.3516; 39128; ; ; ; ; ; ; ; ; ; ; ; ; 0; 4; 60.1012; 0.0568799; 
1; inf; 1; 1; 37772; 75544; 31716; 26835; 45.3516; 39287; 0.000320019; 1; 1; 0; 2.80645; 1; 0; 0; 15.2628; 2.80645; 1; 0; 0; 5; 60.1352; 0.0573045; 
1; inf; 1; 1; 37852; 75704; 31975; 26965; 45.6094; 39612; 0.000252758; 1; 1; 0; 7.27235; 1; 0; 0; 12.7089; 7.27235; 1; 0; 0; 5; 60.0899; 0.0563119; 
1; inf; 1; 1; 39230; 78460; 33132; 27904; 47.4141; 40833; 0.000185285; 1; 1; 0; 2.44583; 1; 0; 0; 14.9742; 2.44583; 1; 0; 0; 5; 60.0326; 0.0570622; 
1; inf; 1; 0; 37791; 75582; 32121; 27287; 47.6367; 39764; 0.0123367; 1; 1; 0; 8.78094; 2; 0.0824905; 0; 12.3087; 15.1714; 11; 18.4466; 0; 5; 60.1301; 0.0558765; 
5 progress properties for each run
best cost REAL
edge count INTEGER
iterations INTEGER
milestone count INTEGER
time REAL
20 runs
inf,667,913,1123,0.500265,;inf,1371,1601,2064,1.00051,;inf,2263,2192,3006,1.50067,;inf,3017,2713,3809,2.00091,;inf,3741,3197,4578,2.50111,;inf,4429,3669,5331,3.00127,;inf,4827,4102,5875,3.50152,;inf,5271,4510,6440,4.00173,;inf,5842,4881,7022,4.50051,;inf,6393,5239,7570,5.00062,;inf,6954,5594,8134,5.50078,;inf,7436,5923,8621,6.00088,;inf,7757,6251,9024,6.50108,;inf,8115,6566,9442,7.00119,;inf,8615,6881,9952,7.50128,;
inf,625,913,1123,0.500213,;inf,1235,1592,2014,1.00037,;inf,2147,2198,2963,1.50051,;inf,3003,2753,3853,2.00072,;inf,3753,3246,4645,2.50083,;inf,4436,3693,5334,3.00095,;inf,4871,4131,5908,3.50124,;inf,5297,4531,6444,4.00138,;inf,5909,4931,7079,4.50151,;inf,6501,5287,7640,5.00187,;inf,7067,5648,8214,5.50203,;inf,7594,6004,8746,6.00226,;inf,7929,6330,9163,6.50243,;inf,8266,6662,9602,7.00255,;inf,8801,6986,10126,7.50277,;inf,9318,7319,10671,8.00289,;inf,9823,7635,11165,8.50305,;inf,10271,7952,11642,9.00322,;inf,10572,8254,12023,9.50338,;inf,10921,8557,12444,10.0035,;inf,11401,8863,12926,10.5037,;inf,11855,9150,13367,11.0038,;inf,12277,9424,13783,11.5039,;inf,12687,9704,14196,12.004,;inf,12967,9981,14544,12.5042,;inf,13301,10252,14942,13.0046,;inf,13705,10525,15363,13.5048,;inf,14130,10775,15763,14.0049,;inf,14593,11025,16193,14.5051,;inf,14945,11277,16549,15.0053,;inf,15196,11528,16871,15.5054,;inf,15498,11767,17224,16.0056,;inf,15877,12009,17602,16.5057,;inf,16269,12246,17983,17.0058,;inf,16652,12481,18362,17.506,;inf,16955,12713,18693,18.0062,;inf,17197,12944,18994,18.5064,;inf,17555,13181,19332,19.0065,;inf,17941,13410,19687,19.5067,;inf,18307,13639,20044,20.0069,;inf,18668,13866,20400,20.5071,;inf,18968,14084,20714,21.0072,;inf,19203,14309,20996,21.5073,;inf,19476,14511,21300,22.0074,;inf,19838,14720,21625,22.5075,;inf,20200,14939,21973,23.0076,;inf,20551,15151,22296,23.5079,;inf,20778,15344,22560,24.008,;inf,20985,15546,22815,24.5081,;inf,21308,15759,23148,25.0083,;inf,21677,15966,23475,25.5085,;inf,22027,16170,23795,26.0088,;inf,22340,16375,24113,26.5078,;inf,22537,16552,24349,27.0079,;inf,22766,16743,24584,27.5082,;inf,23053,16923,24859,28.0084,;inf,23291,17089,25112,28.5085,;inf,23606,17277,25407,29.0087,;inf,23904,17460,25695,29.5088,;inf,24053,17631,25908,30.009,;inf,24265,17804,26143,30.5091,;inf,24555,17978,26418,31.0092,;inf,24840,18160,26695,31.5094,;inf,25117,18331,26965,32.0095,;inf,25358,18515,27231,32.5096,;inf,25517,18675,27432,33.0098,;inf,25764,18837,27663,33.51,;inf,26035,18993,27916,34.0101,;inf,26317,19162,28188,34.5103,;inf,26643,19343,28483,35.0105,;inf,26818,19496,28680,35.5107,;inf,27012,19656,28886,36.011,;inf,27240,19818,29122,36.5111,;inf,27518,19988,29387,37.0112,;inf,27811,20158,29654,37.5114,;inf,28103,20325,29923,38.0115,;inf,28334,20491,30165,38.5116,;inf,28536,20657,30382,39.0118,;inf,28799,20829,30630,39.5119,;inf,29083,20998,30879,40.012,;inf,29356,21167,31152,40.5121,;inf,29606,21317,31390,41.0123,;inf,29816,21469,31584,41.5124,;inf,29976,21620,31779,42.0125,;inf,30241,21776,32024,42.5127,;inf,30509,21923,32263,43.0128,;inf,30759,22070,32502,43.513,;inf,30975,22209,32717,44.0132,;inf,31155,22374,32926,44.5134,;inf,31332,22534,33136,45.0135,;inf,31607,22699,33382,45.5136,;inf,31875,22858,33627,46.0138,;inf,32137,23013,33870,46.5139,;inf,32345,23163,34082,47.014,;inf,32521,23313,34281,47.5141,;inf,32720,23465,34497,48.0143,;inf,32946,23606,34722,48.5144,;inf,33247,23762,34984,49.0145,;inf,33517,23930,35252,49.5147,;inf,33715,24073,35459,50.0148,;inf,33901,24209,35641,50.515,;inf,34110,24351,35861,51.0151,;inf,34367,24503,36095,51.5152,;inf,34600,24651,36337,52.0154,;inf,34833,24799,36551,52.5155,;inf,35043,24943,36759,53.0159,;inf,35200,25099,36952,53.516,;inf,35455,25249,37181,54.0161,;inf,35713,25391,37417,54.5164,;inf,35925,25524,37612,55.0166,;inf,36164,25670,37834,55.5167,;inf,36334,25819,38027,56.017,;inf,36496,25963,38201,56.5158,;inf,36764,26107,38444,57.0161,;inf,37004,26245,38665,57.5163,;inf,37236,26383,38889,58.0164,;inf,37421,26527,39087,58.5165,;inf,37555,26658,39250,59.0167,;inf,37712,26784,39418,59.5168,;inf,37931,26912,39610,60.017,;
inf,655,938,1170,0.500189,;inf,1308,1617,2072,1.00035,;inf,2157,2197,2981,1.50056,;inf,2929,2714,3787,2.00068,;inf,3646,3190,4533,2.50084,;inf,4282,3639,5215,3.00097,;inf,4656,4052,5728,3.50112,;inf,5065,4455,6246,4.00125,;inf,5661,4834,6844,4.50148,;inf,6190,5215,7415,5.00165,;inf,6801,5587,8037,5.50177,;inf,7359,5947,8581,6.00189,;inf,7669,6278,9007,6.502,;inf,8006,6612,9437,7.00213,;inf,8491,6931,9918,7.50225,;inf,8982,7254,10416,8.00252,;inf,9457,7570,10900,8.50266,;inf,9930,7901,11366,9.00283,;inf,10251,8200,11754,9.50305,;inf,10597,8498,12176,10.0032,;inf,11113,8799,12640,10.5034,;inf,11574,9085,13098,11.0036,;inf,12036,9385,13548,11.5038,;inf,12448,9672,13975,12.0039,;inf,12731,9939,14311,12.504,;inf,13055,10204,14667,13.0042,;inf,13502,10472,15114,13.5044,;inf,13855,10730,15482,14.0045,;inf,14276,10992,15892,14.5051,;inf,14582,11238,16229,15.0053,;inf,14873,11491,16570,15.5055,;inf,15200,11722,16912,16.0056,;inf,15557,11925,17236,16.5057,;inf,15920,12158,17594,17.006,;inf,16293,12399,17965,17.5061,;inf,16586,12632,18288,18.0063,;inf,16844,12875,18601,18.5064,;
inf,725,1004,1233,0.500087,;inf,1344,1716,2140,1.0002,;inf,2262,2315,3101,1.50031,;inf,3049,2842,3922,2.00042,;inf,3761,3340,4710,2.50061,;inf,4452,3810,5429,3.00072,;inf,4871,4249,5997,3.50083,;inf,5342,4664,6549,4.00104,;inf,5903,5034,7138,4.50116,;inf,6454,5408,7722,5.00128,;inf,7014,5770,8289,5.50142,;inf,7532,6118,8806,6.00166,;inf,7898,6457,9236,6.50188,;inf,8249,6800,9685,7.002,;inf,8749,7128,10188,7.50061,;inf,9268,7446,10711,8.00076,;inf,9732,7753,11192,8.50089,;inf,10144,8053,11644,9.00117,;inf,10455,8336,12009,9.50128,;inf,10832,8631,12417,10.0014,;inf,11335,8913,12880,10.5016,;inf,11776,9194,13299,11.0017,;inf,12179,9468,13721,11.5019,;inf,12526,9740,14107,12.0021,;inf,12807,10006,14441,12.5022,;inf,13151,10282,14817,13.0023,;inf,13555,10553,15229,13.5025,;inf,13969,10807,15640,14.0026,;inf,14351,11054,16032,14.5028,;inf,14686,11301,16377,15.0029,;inf,14916,11550,16681,15.503,;inf,15227,11796,17013,16.0032,;inf,15614,12032,17403,16.5034,;inf,16001,12263,17759,17.0035,;inf,16375,12496,18122,17.5037,;inf,16698,12729,18469,18.0039,;inf,16954,12945,18756,18.5041,;inf,17251,13166,19093,19.0043,;inf,17611,13390,19461,19.5044,;inf,17940,13593,19777,20.0045,;inf,18275,13800,20109,20.5047,;inf,18540,14023,20404,21.0048,;inf,18789,14239,20686,21.505,;inf,19051,14448,20977,22.0051,;inf,19361,14644,21283,22.5052,;inf,19678,14856,21606,23.0053,;inf,20016,15065,21939,23.5055,;inf,20260,15268,22215,24.0056,;inf,20461,15462,22467,24.5057,;inf,20779,15662,22759,25.0058,;inf,21092,15860,23056,25.506,;inf,21398,16060,23367,26.006,;inf,21669,16241,23633,26.5062,;inf,21897,16439,23900,27.0063,;inf,22105,16639,24151,27.5066,;inf,22379,16824,24434,28.0067,;inf,22685,17015,24731,28.5069,;inf,23035,17207,25050,29.0071,;inf,23320,17402,25335,29.5074,;inf,23525,17591,25574,30.0076,;inf,23768,17788,25841,30.5078,;inf,24078,17975,26137,31.0081,;inf,24397,18159,26432,31.5083,;inf,24696,18353,26736,32.0084,;inf,24987,18530,27020,32.5086,;inf,25162,18705,27235,33.0088,;inf,25373,18896,27479,33.5089,;inf,25647,19073,27765,34.009,;inf,25965,19252,28050,34.5091,;inf,26225,19420,28307,35.0093,;inf,26476,19587,28552,35.5094,;inf,26677,19764,28778,36.0095,;inf,26910,19936,29009,36.5098,;inf,27144,20093,29248,37.0099,;inf,27434,20261,29524,37.5089,;inf,27730,20433,29799,38.009,;inf,27957,20603,30032,38.5091,;inf,28155,20764,30244,39.0094,;inf,28400,20934,30496,39.5095,;inf,28665,21094,30745,40.0096,;inf,28944,21257,31002,40.5098,;inf,29198,21424,31259,41.01,;inf,29403,21585,31479,41.5101,;inf,29571,21754,31683,42.0103,;inf,29844,21921,31945,42.5104,;inf,30120,22087,32216,43.0105,;inf,30398,22244,32478,43.5106,;inf,30662,22407,32727,44.0107,;inf,30839,22565,32940,44.5109,;inf,31000,22713,33121,45.0109,;inf,31223,22862,33354,45.5111,;inf,31473,23022,33593,46.0114,;inf,31724,23181,33839,46.5116,;inf,31932,23333,34056,47.0117,;inf,32093,23483,34252,47.5119,;inf,32295,23645,34461,48.0122,;inf,32533,23804,34683,48.5123,;inf,32816,23953,34933,49.0125,;inf,33104,24111,35186,49.5126,;inf,33348,24270,35431,50.0127,;inf,33527,24428,35621,50.5128,;inf,33707,24573,35816,51.013,;inf,33957,24718,36042,51.5132,;inf,34223,24881,36281,52.0136,;inf,34478,25030,36519,52.5137,;inf,34668,25178,36735,53.0139,;inf,34826,25330,36917,53.5141,;inf,35039,25483,37134,54.0142,;inf,35268,25631,37351,54.5145,;inf,35503,25765,37570,55.0147,;inf,35750,25912,37802,55.515,;inf,35941,26052,38000,56.0151,;inf,36131,26195,38188,56.5152,;inf,36358,26344,38416,57.0154,;inf,36600,26479,38645,57.5155,;inf,36841,26609,38852,58.0158,;inf,37118,26756,39093,58.5159,;inf,37290,26895,39280,59.016,;inf,37464,27036,39460,59.5161,;inf,37699,27175,39676,60.0163,;
inf,619,960,1150,0.500103,;inf,1265,1665,2084,1.00026,;inf,2144,2257,3011,1.50037,;inf,2982,2778,3864,2.00048,;inf,3743,3273,4630,2.5007,;inf,4387,3728,5326,3.00079,;inf,4824,4163,5879,3.50115,;inf,5222,4572,6418,4.00129,;inf,5829,4968,7037,4.50141,;inf,6398,5333,7603,5.0015,;inf,6920,5689,8161,5.5016,;inf,7421,6046,8697,6.00187,;inf,7761,6391,9130,6.50197,;inf,8133,6717,9572,7.00218,;inf,8649,7027,10068,7.50104,;inf,9127,7334,10536,8.00125,;inf,9625,7641,11053,8.50149,;inf,10051,7940,11500,9.00172,;inf,10344,8215,11863,9.5019,;inf,10696,8483,12248,10.002,;inf,11109,8753,12656,10.5021,;inf,11570,9023,13093,11.0023,;inf,11987,9298,13513,11.5024,;inf,12401,9560,13912,12.0027,;inf,12672,9833,14252,12.5029,;inf,13000,10091,14606,13.003,;inf,13391,10335,14982,13.5032,;inf,13767,10573,15350,14.0033,;inf,14160,10813,15719,14.5034,;inf,14478,11047,16057,15.0037,;inf,14738,11297,16378,15.5039,;inf,15077,11542,16735,16.0042,;inf,15458,11788,17099,16.5043,;inf,15858,12020,17471,17.0045,;
inf,694,954,1180,0.500169,;inf,1306,1620,2068,1.00032,;inf,2219,2209,3002,1.5004,;inf,3027,2756,3850,2.00064,;inf,3785,3240,4613,2.50078,;inf,4450,3695,5294,3.00094,;inf,4851,4122,5825,3.50103,;inf,5273,4518,6361,4.00113,;inf,5859,4893,6967,4.50129,;inf,6424,5248,7517,5.00155,;inf,6984,5604,8074,5.50163,;inf,7477,5939,8595,6.00179,;inf,7814,6259,9030,6.5019,;inf,8194,6588,9469,7.002,;inf,8749,6906,9990,7.50213,;inf,9231,7215,10463,8.00238,;inf,9717,7529,10952,8.50249,;inf,10189,7851,11404,9.00263,;inf,10494,8150,11778,9.50278,;inf,10824,8433,12162,10.0029,;inf,11274,8709,12610,10.5031,;inf,11749,8991,13076,11.0033,;inf,12184,9260,13496,11.5034,;inf,12570,9524,13873,12.0036,;inf,12827,9797,14229,12.5037,;inf,13142,10055,14584,13.004,;inf,13521,10301,14975,13.5041,;inf,13951,10555,15374,14.0043,;inf,14344,10798,15758,14.5045,;inf,14670,11059,16117,15.0046,;inf,14959,11309,16452,15.5048,;inf,15253,11552,16793,16.005,;inf,15649,11796,17183,16.5051,;inf,16029,12017,17536,17.0053,;inf,16417,12243,17902,17.5056,;inf,16686,12464,18210,18.0057,;inf,16889,12680,18479,18.5059,;inf,17196,12903,18792,19.0061,;inf,17563,13132,19148,19.5063,;inf,17884,13336,19464,20.005,;inf,18213,13542,19792,20.5052,;inf,18447,13737,20058,21.0053,;inf,18671,13949,20328,21.5055,;inf,19010,14160,20643,22.0057,;inf,19352,14373,20969,22.5059,;inf,19708,14589,21319,23.006,;inf,20054,14803,21651,23.5062,;inf,20265,15008,21922,24.0064,;inf,20491,15216,22182,24.5066,;inf,20788,15414,22480,25.0068,;inf,21097,15610,22782,25.507,;inf,21398,15799,23063,26.0073,;inf,21719,15980,23358,26.5074,;inf,21913,16141,23564,27.0076,;inf,22119,16305,23782,27.5077,;inf,22414,16473,24055,28.0078,;inf,22710,16648,24338,28.508,;inf,22981,16820,24594,29.0081,;inf,23272,16989,24864,29.5083,;inf,23489,17176,25107,30.0084,;inf,23656,17340,25320,30.5086,;inf,23965,17514,25603,31.0088,;inf,24226,17679,25856,31.5091,;inf,24510,17847,26121,32.0094,;inf,24744,18006,26351,32.5096,;inf,24910,18155,26542,33.0097,;inf,25134,18324,26780,33.5099,;inf,25404,18486,27031,34.01,;inf,25695,18659,27311,34.5101,;inf,25980,18823,27567,35.0102,;inf,26231,18992,27811,35.5104,;inf,26414,19163,28035,36.0105,;inf,26636,19335,28263,36.5106,;inf,26899,19505,28528,37.0107,;inf,27145,19656,28775,37.5108,;inf,27428,19810,29037,38.0111,;inf,27627,19977,29260,38.5112,;inf,27820,20133,29468,39.0113,;inf,28056,20289,29699,39.5114,;inf,28275,20440,29914,40.0115,;inf,28520,20601,30173,40.5117,;inf,28758,20754,30409,41.0118,;inf,28942,20910,30613,41.5121,;inf,29080,21051,30778,42.0122,;inf,29353,21207,31021,42.5124,;inf,29595,21356,31258,43.0125,;inf,29836,21504,31489,43.5127,;inf,30069,21640,31703,44.0129,;inf,30248,21792,31905,44.513,;inf,30429,21946,32113,45.0131,;inf,30679,22087,32336,45.5132,;inf,30897,22231,32554,46.0133,;inf,31159,22371,32776,46.5136,;inf,31361,22526,33002,47.0137,;inf,31526,22671,33189,47.5138,;inf,31734,22821,33397,48.0142,;inf,31991,22971,33613,48.5143,;inf,32231,23110,33848,49.0145,;inf,32471,23249,34066,49.5147,;inf,32643,23387,34256,50.0136,;inf,32784,23534,34438,50.5139,;inf,32997,23689,34654,51.0141,;inf,33229,23832,34869,51.5144,;inf,33504,23982,35121,52.0146,;inf,33767,24137,35373,52.5149,;inf,33945,24266,35549,53.015,;inf,34110,24406,35726,53.5151,;inf,34322,24543,35936,54.0152,;inf,34575,24685,36170,54.5154,;inf,34782,24815,36361,55.0155,;inf,35007,24954,36564,55.5157,;inf,35153,25082,36727,56.0159,;inf,35275,25205,36878,56.516,;inf,35500,25329,37077,57.0161,;inf,35741,25464,37303,57.5164,;inf,35951,25600,37514,58.0165,;inf,36187,25731,37726,58.5166,;inf,36340,25861,37899,59.0167,;inf,36529,25994,38077,59.5169,;inf,36775,26131,38304,60.017,;
inf,664,926,1166,0.500078,;inf,1277,1605,2051,1.00022,;inf,2138,2181,2950,1.50031,;inf,2898,2719,3768,2.00045,;inf,3544,3195,4486,2.5006,;inf,4178,3635,5169,3.0007,;inf,4550,4053,5708,3.50085,;inf,4966,4453,6242,4.00107,;inf,5562,4837,6828,4.50118,;inf,6171,5223,7432,5.00144,;inf,6723,5575,7999,5.50158,;inf,7228,5915,8510,6.00179,;inf,7554,6232,8920,6.50197,;inf,7934,6560,9359,7.00212,;inf,8424,6869,9841,7.50231,;inf,8898,7178,10328,8.00243,;inf,9389,7493,10835,8.50267,;inf,9832,7821,11315,9.00293,;inf,10144,8124,11705,9.50307,;inf,10491,8412,12102,10.0034,;inf,10924,8702,12553,10.5036,;inf,11405,9002,13035,11.0037,;inf,11858,9280,13458,11.5041,;inf,12203,9556,13858,12.0043,;inf,12478,9814,14194,12.5045,;inf,12748,10054,14523,13.0046,;inf,13095,10295,14880,13.5048,;inf,13494,10539,15272,14.005,;inf,13882,10773,15649,14.5051,;
inf,689,939,1170,0.500076,;inf,1277,1616,2041,1.00016,;inf,2152,2201,2968,1.50026,;inf,2888,2711,3762,2.00042,;inf,3560,3165,4472,2.50054,;inf,4224,3598,5140,3.00066,;inf,4650,4022,5678,3.50092,;inf,5044,4425,6199,4.00104,;inf,5626,4786,6793,4.50126,;inf,6116,5122,7308,5.00051,;inf,6695,5487,7891,5.5008,;inf,7150,5822,8381,6.00095,;inf,7467,6143,8798,6.50105,;inf,7821,6462,9220,7.0012,;inf,8310,6783,9716,7.5013,;inf,8853,7115,10244,8.00146,;inf,9298,7422,10718,8.50155,;inf,9796,7745,11207,9.00177,;inf,10117,8063,11606,9.50188,;inf,10434,8349,11994,10.0021,;inf,10884,8623,12435,10.5023,;inf,11291,8890,12843,11.0024,;inf,11701,9153,13251,11.5025,;inf,12039,9397,13612,12.0027,;inf,12299,9646,13927,12.5028,;inf,12585,9887,14257,13.003,;inf,12964,10132,14637,13.5031,;inf,13366,10388,15023,14.0033,;inf,13766,10644,15432,14.5034,;inf,14096,10880,15780,15.0035,;inf,14332,11113,16079,15.5037,;inf,14633,11359,16418,16.0039,;inf,15026,11603,16809,16.504,;inf,15388,11861,17199,17.0041,;inf,15805,12113,17583,17.5043,;inf,16157,12360,17936,18.0044,;inf,16406,12605,18245,18.5046,;inf,16752,12837,18590,19.0047,;inf,17138,13052,18951,19.5048,;inf,17507,13278,19300,20.005,;inf,17890,13499,19652,20.5051,;inf,18175,13736,19963,21.0052,;inf,18392,13951,20232,21.5055,;inf,18721,14177,20561,22.0057,;inf,19039,14387,20880,22.5059,;inf,19375,14603,21222,23.006,;inf,19679,14796,21527,23.5063,;inf,19901,14987,21791,24.0064,;inf,20120,15179,22023,24.5065,;inf,20382,15356,22277,25.0066,;
inf,677,927,1172,0.500085,;inf,1266,1585,2024,1.00026,;inf,2065,2152,2916,1.50057,;inf,2828,2664,3722,2.00067,;inf,3518,3154,4464,2.50083,;inf,4165,3601,5160,3.00096,;inf,4541,4022,5693,3.50108,;inf,4943,4420,6217,4.00121,;inf,5550,4820,6847,4.50136,;inf,6171,5200,7464,5.00144,;inf,6717,5558,8028,5.50159,;inf,7207,5892,8515,6.00178,;inf,7553,6228,8960,6.50198,;inf,7866,6539,9370,7.00209,;inf,8352,6851,9853,7.5022,;inf,8872,7166,10363,8.00232,;inf,9376,7486,10880,8.50255,;inf,9773,7780,11312,9.00266,;inf,10094,8079,11699,9.50127,;inf,10392,8351,12055,10.0015,;inf,10802,8615,12458,10.5017,;inf,11229,8862,12844,11.0018,;inf,11651,9119,13261,11.5019,;inf,12014,9382,13640,12.0021,;inf,12256,9626,13945,12.5022,;inf,12572,9874,14289,13.0023,;inf,12989,10135,14706,13.5024,;inf,13406,10391,15106,14.0025,;inf,13881,10655,15543,14.5026,;inf,14213,10920,15908,15.0027,;inf,14487,11170,16239,15.503,;inf,14864,11431,16602,16.0031,;inf,15291,11682,17002,16.5032,;inf,15681,11925,17384,17.0033,;inf,16061,12169,17748,17.5035,;inf,16380,12419,18101,18.0038,;inf,16607,12655,18395,18.504,;inf,16951,12890,18736,19.0042,;inf,17349,13121,19118,19.5044,;inf,17659,13317,19419,20.0047,;inf,17994,13515,19731,20.5051,;inf,18197,13711,19992,21.0052,;inf,18395,13895,20220,21.5054,;inf,18712,14108,20531,22.0055,;inf,18986,14289,20810,22.5057,;inf,19288,14467,21097,23.0059,;inf,19607,14660,21396,23.5061,;inf,19826,14848,21643,24.0062,;inf,20027,15032,21878,24.5063,;inf,20357,15214,22173,25.0065,;inf,20646,15394,22457,25.5066,;inf,20970,15581,22746,26.0068,;inf,21232,15767,23027,26.5069,;inf,21404,15935,23238,27.0071,;inf,21615,16124,23490,27.5072,;inf,21946,16306,23797,28.0074,;inf,22282,16515,24129,28.5076,;inf,22619,16721,24441,29.0077,;inf,22873,16902,24705,29.5078,;inf,23040,17059,24906,30.008,;inf,23261,17237,25145,30.5081,;inf,23546,17427,25430,31.0083,;inf,23843,17610,25719,31.5084,;inf,24122,17778,25991,32.0086,;inf,24388,17949,26239,32.5087,;inf,24572,18138,26469,33.0089,;inf,24810,18301,26710,33.5091,;inf,25086,18465,26974,34.0092,;inf,25329,18635,27226,34.5093,;inf,25624,18804,27497,35.0095,;inf,25837,18956,27716,35.5096,;inf,26001,19105,27896,36.0097,;inf,26274,19261,28150,36.5099,;inf,26523,19413,28390,37.01,;inf,26788,19564,28647,37.5101,;inf,27047,19723,28901,38.0102,;inf,27249,19881,29104,38.5104,;inf,27432,20053,29323,39.0105,;inf,27718,20224,29600,39.5096,;inf,28014,20394,29858,40.0097,;inf,28300,20568,30124,40.5099,;inf,28567,20745,30377,41.0102,;inf,28759,20910,30600,41.5103,;inf,28946,21080,30824,42.0104,;inf,29230,21246,31088,42.5106,;inf,29578,21426,31395,43.0109,;inf,29877,21595,31671,43.5109,;inf,30125,21761,31910,44.011,;inf,30306,21938,32125,44.5113,;inf,30489,22100,32338,45.0114,;inf,30781,22270,32617,45.5115,;inf,31026,22416,32839,46.0116,;inf,31296,22576,33091,46.5117,;inf,31495,22711,33292,47.0118,;inf,31632,22835,33445,47.512,;inf,31798,22968,33620,48.0122,;inf,32025,23108,33842,48.5125,;inf,32273,23257,34083,49.0127,;inf,32501,23413,34305,49.5128,;inf,32672,23548,34479,50.0129,;inf,32817,23681,34655,50.5131,;inf,32987,23824,34846,51.0133,;inf,33249,23971,35080,51.5134,;inf,33502,24110,35292,52.0136,;inf,33733,24247,35521,52.5137,;inf,33910,24381,35708,53.0138,;inf,34072,24529,35894,53.514,;inf,34287,24676,36104,54.0141,;inf,34549,24824,36342,54.5143,;inf,34824,24970,36587,55.0145,;inf,35087,25120,36830,55.5146,;inf,35240,25246,36987,56.0149,;inf,35403,25389,37169,56.515,;inf,35655,25524,37395,57.0152,;inf,35851,25656,37592,57.5152,;inf,36043,25778,37779,58.0153,;inf,36246,25907,37970,58.5154,;inf,36449,26054,38162,59.0156,;inf,36594,26185,38337,59.5156,;inf,36795,26322,38531,60.0158,;
inf,672,913,1144,0.500095,;inf,1308,1593,2062,1.00019,;inf,2172,2175,3004,1.50033,;inf,3024,2715,3889,2.00045,;inf,3802,3211,4687,2.50055,;inf,4463,3687,5395,3.0007,;inf,4864,4115,5927,3.50083,;inf,5284,4506,6443,4.00099,;inf,5871,4889,7049,4.50114,;inf,6440,5260,7638,5.00126,;inf,7008,5630,8206,5.50154,;inf,7533,5987,8745,6.00172,;inf,7859,6317,9162,6.50184,;inf,8215,6630,9584,7.00201,;inf,8735,6945,10064,7.50217,;inf,9262,7250,10567,8.00228,;inf,9731,7545,11043,8.50239,;inf,10114,7817,11444,9.00262,;inf,10399,8109,11806,9.50187,;inf,10705,8386,12184,10.002,;inf,11134,8664,12635,10.5022,;inf,11606,8951,13108,11.0023,;inf,12076,9238,13563,11.5025,;inf,12461,9506,13960,12.0029,;inf,12744,9776,14313,12.503,;inf,13077,10047,14669,13.0032,;inf,13519,10325,15099,13.5033,;inf,13949,10578,15508,14.0036,;inf,14298,10809,15856,14.5038,;inf,14587,11041,16182,15.004,;inf,14826,11275,16461,15.5041,;inf,15139,11505,16799,16.0042,;inf,15491,11726,17133,16.5045,;inf,15878,11954,17494,17.0046,;inf,16272,12186,17849,17.5049,;inf,16539,12410,18156,18.005,;inf,16793,12628,18447,18.5051,;inf,17127,12848,18777,19.0052,;inf,17527,13069,19128,19.5055,;inf,17858,13286,19459,20.0057,;inf,18183,13499,19785,20.5058,;inf,18455,13714,20072,21.0059,;inf,18642,13918,20325,21.506,;inf,18978,14132,20637,22.0062,;inf,19344,14348,20980,22.5064,;inf,19697,14562,21309,23.0066,;inf,20039,14765,21636,23.5067,;inf,20290,14980,21928,24.0069,;inf,20497,15184,22182,24.5071,;inf,20861,15392,22505,25.0072,;inf,21212,15589,22816,25.5074,;inf,21537,15779,23129,26.0076,;inf,21896,15979,23441,26.5077,;inf,22076,16157,23671,27.0078,;inf,22286,16342,23909,27.508,;inf,22573,16528,24192,28.0081,;inf,22909,16727,24507,28.5082,;inf,23219,16913,24804,29.0082,;inf,23441,17072,25029,29.5084,;inf,23622,17234,25224,30.0086,;inf,23835,17405,25457,30.5087,;inf,24096,17569,25709,31.0088,;inf,24333,17729,25953,31.5089,;inf,24610,17908,26228,32.0092,;inf,24836,18079,26461,32.5093,;inf,25050,18256,26699,33.0094,;inf,25302,18423,26940,33.5097,;inf,25599,18598,27229,34.0099,;inf,25893,18781,27512,34.5102,;inf,26182,18956,27778,35.0104,;inf,26408,19141,28034,35.5104,;inf,26627,19315,28259,36.0106,;inf,26881,19484,28510,36.5107,;inf,27148,19644,28755,37.0108,;inf,27413,19803,29009,37.5109,;inf,27629,19957,29230,38.0111,;inf,27820,20118,29446,38.5112,;inf,27998,20273,29650,39.0113,;inf,28220,20425,29882,39.5101,;inf,28439,20568,30103,40.0102,;inf,28724,20724,30355,40.5103,;inf,29016,20891,30626,41.0105,;inf,29205,21056,30833,41.5106,;inf,29366,21209,31019,42.0107,;inf,29667,21370,31289,42.5108,;inf,29962,21547,31554,43.0109,;inf,30216,21716,31802,43.511,;inf,30463,21878,32033,44.0111,;inf,30622,22043,32241,44.5113,;inf,30790,22178,32426,45.0115,;inf,31022,22324,32645,45.5117,;inf,31288,22471,32899,46.0118,;inf,31535,22623,33140,46.512,;inf,31746,22771,33345,47.0121,;inf,31906,22918,33530,47.5123,;inf,32100,23076,33747,48.0126,;inf,32375,23239,34019,48.5127,;inf,32653,23399,34279,49.0129,;inf,32904,23559,34525,49.5129,;inf,33135,23709,34735,50.0132,;inf,33320,23866,34939,50.5133,;inf,33523,24020,35165,51.0134,;inf,33779,24172,35398,51.5135,;inf,34021,24304,35608,52.0136,;inf,34282,24458,35846,52.5137,;inf,34455,24605,36040,53.0138,;inf,34615,24739,36216,53.5139,;inf,34863,24887,36446,54.0141,;inf,35085,25039,36672,54.5143,;inf,35300,25181,36892,55.0144,;inf,35544,25327,37134,55.5145,;inf,35704,25465,37313,56.0148,;inf,35859,25604,37491,56.5149,;inf,36105,25740,37710,57.015,;inf,36326,25875,37920,57.5152,;inf,36548,26018,38147,58.0153,;inf,36735,26158,38359,58.5154,;inf,36896,26289,38529,59.0155,;inf,37115,26429,38724,59.5156,;inf,37319,26565,38922,60.0158,;
inf,615,919,1112,0.500087,;inf,1281,1602,2017,1.0002,;inf,2144,2153,2903,1.50042,;inf,2973,2669,3712,2.00053,;inf,3684,3152,4466,2.50063,;inf,4371,3606,5166,3.00076,;inf,4809,4033,5727,3.50091,;inf,5218,4442,6262,4.00102,;inf,5834,4831,6898,4.50113,;inf,6412,5199,7480,5.00124,;inf,6967,5534,8048,5.50135,;inf,7455,5874,8572,6.00148,;inf,7774,6196,8979,6.50171,;inf,8118,6506,9405,7.00181,;inf,8623,6833,9908,7.50191,;inf,9095,7143,10373,8.00213,;inf,9567,7455,10837,8.50222,;inf,10004,7751,11280,9.00255,;inf,10287,8036,11652,9.50133,;inf,10619,8306,12025,10.0016,;inf,11055,8584,12467,10.5017,;inf,11470,8862,12894,11.0018,;inf,11882,9124,13301,11.5019,;inf,12223,9380,13670,12.002,;inf,12517,9647,14022,12.5023,;inf,12855,9910,14397,13.0024,;inf,13204,10140,14754,13.5026,;inf,13553,10371,15117,14.0028,;inf,13890,10590,15474,14.503,;inf,14181,10818,15792,15.0031,;inf,14426,11042,16085,15.5033,;inf,14719,11260,16403,16.0034,;inf,15055,11465,16719,16.5036,;inf,15393,11663,17037,17.0038,;inf,15751,11877,17378,17.504,;inf,16032,12087,17672,18.0041,;inf,16268,12292,17947,18.5042,;inf,16546,12500,18249,19.0044,;inf,16876,12704,18576,19.5046,;inf,17171,12902,18872,20.0047,;inf,17518,13107,19183,20.5048,;inf,17749,13305,19444,21.0049,;inf,17944,13486,19672,21.505,;inf,18207,13648,19921,22.0051,;inf,18511,13826,20200,22.5053,;inf,18795,14002,20473,23.0055,;inf,19084,14175,20745,23.5056,;inf,19300,14341,20970,24.0057,;inf,19449,14509,21180,24.5058,;inf,19725,14688,21447,25.0061,;inf,20040,14874,21736,25.5062,;inf,20324,15046,22012,26.0063,;inf,20604,15225,22282,26.5065,;inf,20789,15392,22490,27.0066,;inf,20952,15571,22709,27.5067,;inf,21265,15755,22990,28.0069,;inf,21559,15935,23264,28.5071,;inf,21851,16099,23541,29.0074,;inf,22112,16272,23796,29.5075,;inf,22278,16431,24007,30.0076,;inf,22499,16602,24242,30.5079,;inf,22791,16769,24510,31.0081,;inf,23088,16943,24784,31.5083,;inf,23374,17113,25059,32.0086,;inf,23611,17271,25298,32.5089,;inf,23805,17431,25505,33.0091,;inf,24036,17595,25759,33.5092,;inf,24279,17755,26000,34.0093,;inf,24556,17912,26239,34.5094,;inf,24826,18067,26502,35.0095,;inf,24997,18220,26709,35.5098,;inf,25195,18382,26922,36.0101,;inf,25440,18544,27166,36.5102,;inf,25697,18685,27405,37.0103,;inf,25996,18850,27671,37.5105,;inf,26211,18991,27887,38.0107,;inf,26407,19147,28109,38.511,;inf,26586,19293,28303,39.0111,;inf,26803,19443,28528,39.5099,;inf,27071,19606,28778,40.0101,;inf,27349,19760,29027,40.5102,;inf,27616,19920,29274,41.0103,;inf,27765,20068,29457,41.5105,;inf,27954,20228,29661,42.0106,;inf,28204,20376,29890,42.5108,;inf,28446,20527,30134,43.0109,;inf,28718,20680,30363,43.5111,;inf,28973,20829,30589,44.0113,;inf,29158,20980,30785,44.5114,;inf,29341,21132,30986,45.0116,;inf,29605,21289,31237,45.5118,;inf,29859,21451,31478,46.0119,;inf,30140,21615,31737,46.5123,;inf,30342,21758,31944,47.0124,;inf,30533,21922,32157,47.5125,;inf,30797,22084,32412,48.0126,;inf,31057,22236,32655,48.5128,;inf,31318,22390,32908,49.0129,;inf,31580,22544,33148,49.5131,;inf,31778,22697,33356,50.0133,;inf,31939,22852,33558,50.5134,;inf,32155,22998,33777,51.0136,;inf,32419,23148,34019,51.5138,;inf,32701,23304,34273,52.014,;inf,32976,23467,34537,52.5141,;inf,33132,23607,34714,53.0142,;inf,33290,23757,34910,53.5146,;inf,33548,23909,35145,54.0149,;inf,33809,24071,35381,54.5152,;inf,34068,24224,35615,55.0154,;inf,34276,24372,35830,55.5155,;inf,34448,24529,36025,56.0156,;inf,34618,24676,36224,56.5157,;inf,34873,24820,36459,57.0159,;inf,35127,24975,36692,57.5161,;inf,35396,25125,36927,58.0163,;inf,35619,25278,37147,58.5165,;inf,35778,25424,37336,59.0167,;inf,35967,25561,37531,59.5169,;inf,36193,25695,37750,60.017,;
inf,651,947,1184,0.500124,;inf,1302,1638,2107,1.00037,;inf,2194,2263,3080,1.50046,;inf,3049,2819,3931,2.00059,;inf,3826,3320,4714,2.50072,;inf,4457,3784,5409,3.00083,;inf,4896,4228,5988,3.50093,;inf,5309,4642,6526,4.00106,;inf,5901,5038,7154,4.50119,;inf,6495,5410,7718,5.00132,;inf,7059,5777,8292,5.50144,;inf,7586,6138,8827,6.00154,;inf,7905,6480,9253,6.50167,;inf,8261,6809,9685,7.00182,;inf,8742,7120,10165,7.50204,;inf,9242,7428,10663,8.00215,;inf,9706,7718,11117,8.50232,;inf,10160,8026,11572,9.00123,;inf,10446,8326,11945,9.50136,;inf,10784,8603,12317,10.0015,;inf,11197,8863,12709,10.5024,;inf,11634,9141,13145,11.0026,;inf,12069,9425,13570,11.5027,;inf,12456,9703,13955,12.0028,;inf,12727,9973,14295,12.5029,;inf,13058,10243,14668,13.003,;inf,13468,10502,15080,13.5033,;
inf,651,953,1179,0.500092,;inf,1244,1638,2082,1.00023,;inf,2121,2233,3038,1.50047,;inf,2941,2775,3901,2.00058,;inf,3700,3265,4668,2.50073,;inf,4305,3701,5313,3.00082,;inf,4720,4131,5868,3.50103,;inf,5130,4536,6396,4.00113,;inf,5748,4937,7019,4.50126,;inf,6340,5312,7617,5.00147,;inf,6890,5665,8158,5.50158,;inf,7447,6009,8687,6.00172,;inf,7798,6346,9111,6.50185,;
inf,675,951,1177,0.500108,;inf,1309,1645,2088,1.00035,;inf,2171,2256,3011,1.50049,;inf,2948,2780,3821,2.00061,;inf,3680,3256,4573,2.50071,;inf,4380,3719,5299,3.00085,;inf,4801,4148,5843,3.50099,;inf,5197,4556,6371,4.0011,;inf,5839,4972,7012,4.5012,;inf,6423,5358,7612,5.00137,;inf,7007,5732,8182,5.50151,;inf,7508,6075,8706,6.0016,;inf,7840,6411,9128,6.50169,;inf,8197,6729,9560,7.00178,;inf,8685,7044,10061,7.50187,;inf,9196,7362,10560,8.00197,;inf,9678,7666,11035,8.50213,;inf,10077,7954,11460,9.0023,;inf,10414,8259,11852,9.50244,;inf,10772,8541,12238,10.0026,;inf,11192,8817,12683,10.5029,;inf,11614,9100,13117,11.003,;inf,12048,9370,13545,11.5032,;inf,12442,9645,13945,12.0033,;inf,12728,9903,14277,12.5035,;inf,13044,10154,14615,13.0036,;inf,13445,10395,15000,13.5038,;inf,13859,10642,15415,14.004,;inf,14224,10883,15782,14.5042,;inf,14580,11115,16115,15.0045,;inf,14845,11358,16437,15.5047,;inf,15126,11591,16765,16.0048,;inf,15547,11835,17150,16.505,;inf,15910,12079,17504,17.0051,;inf,16307,12313,17878,17.5052,;inf,16617,12547,18197,18.0053,;inf,16859,12771,18478,18.5042,;inf,17171,13001,18826,19.0044,;inf,17570,13224,19207,19.5045,;inf,17943,13456,19569,20.0046,;inf,18352,13679,19936,20.5048,;inf,18645,13898,20237,21.0049,;inf,18835,14110,20509,21.505,;inf,19134,14322,20831,22.0052,;inf,19460,14539,21160,22.5053,;inf,19829,14744,21495,23.0054,;inf,20207,14950,21824,23.5056,;inf,20424,15147,22088,24.0058,;inf,20629,15345,22341,24.5059,;inf,20945,15536,22638,25.006,;inf,21286,15739,22961,25.5061,;inf,21616,15937,23255,26.0063,;inf,21914,16126,23538,26.5064,;inf,22122,16320,23778,27.0066,;inf,22354,16509,24034,27.5068,;inf,22671,16710,24358,28.0069,;inf,23022,16908,24679,28.507,;inf,23339,17092,24967,29.0072,;inf,23651,17283,25279,29.5072,;inf,23875,17467,25524,30.0073,;inf,24126,17668,25791,30.5074,;inf,24420,17853,26073,31.0076,;inf,24721,18039,26372,31.5077,;inf,25015,18213,26647,32.0078,;inf,25269,18400,26919,32.508,;inf,25494,18588,27155,33.0082,;inf,25718,18764,27402,33.5084,;inf,25993,18947,27686,34.0086,;inf,26295,19121,27965,34.5088,;inf,26614,19308,28258,35.0091,;inf,26868,19483,28507,35.5093,;inf,27076,19645,28713,36.0094,;inf,27324,19818,28970,36.5095,;inf,27608,19980,29238,37.0097,;inf,27870,20135,29489,37.51,;inf,28135,20300,29741,38.0101,;inf,28393,20482,30001,38.5104,;inf,28581,20638,30209,39.0107,;inf,28836,20810,30452,39.5108,;inf,29119,20974,30710,40.0111,;inf,29367,21127,30955,40.5114,;inf,29646,21296,31221,41.0116,;inf,29828,21466,31438,41.5117,;inf,30017,21628,31648,42.0119,;inf,30286,21796,31888,42.512,;inf,30570,21955,32132,43.0122,;inf,30845,22122,32396,43.5123,;inf,31117,22286,32643,44.0125,;inf,31295,22440,32851,44.5126,;inf,31492,22607,33083,45.0128,;inf,31749,22763,33338,45.513,;inf,32030,22917,33592,46.0131,;inf,32287,23071,33840,46.5132,;inf,32530,23214,34066,47.0134,;inf,32706,23377,34276,47.5136,;inf,32876,23519,34473,48.0123,;inf,33102,23675,34711,48.5125,;inf,33344,23825,34943,49.0126,;inf,33608,23975,35185,49.5127,;inf,33859,24133,35422,50.0129,;inf,34028,24281,35603,50.5132,;inf,34248,24428,35815,51.0133,;inf,34482,24573,36037,51.5135,;inf,34717,24716,36256,52.0136,;inf,34959,24863,36470,52.5138,;inf,35153,25014,36681,53.0141,;inf,35312,25156,36877,53.5142,;inf,35520,25295,37091,54.0143,;inf,35740,25433,37309,54.5146,;inf,35950,25562,37515,55.0148,;inf,36182,25703,37738,55.515,;inf,36313,25830,37905,56.0152,;inf,36473,25953,38068,56.5154,;inf,36702,26087,38274,57.0155,;inf,36949,26216,38489,57.5156,;inf,37197,26358,38710,58.0157,;inf,37385,26479,38903,58.5158,;inf,37521,26603,39062,59.016,;inf,37705,26734,39249,59.5161,;inf,37926,26869,39463,60.0162,;
inf,657,936,1145,0.500122,;inf,1287,1609,2059,1.00022,;inf,2115,2196,2972,1.50034,;inf,2956,2731,3837,2.00058,;inf,3718,3226,4611,2.50074,;inf,4350,3687,5306,3.00085,;inf,4750,4120,5849,3.50103,;inf,5168,4541,6402,4.00119,;inf,5750,4931,7005,4.50149,;inf,6302,5319,7596,5.00158,;inf,6866,5697,8179,5.50172,;inf,7376,6042,8719,6.00184,;inf,7711,6391,9159,6.50196,;inf,8069,6715,9599,7.00206,;inf,8576,7055,10117,7.50236,;inf,9144,7397,10651,8.00246,;inf,9626,7713,11134,8.50257,;
inf,688,958,1186,0.500131,;inf,1294,1650,2077,1.0003,;inf,2147,2256,2978,1.50042,;inf,2940,2781,3804,2.00052,;inf,3596,3252,4501,2.50063,;inf,4293,3728,5230,3.00072,;inf,4739,4157,5773,3.50085,;inf,5155,4575,6318,4.00094,;inf,5796,4971,6935,4.50109,;inf,6383,5348,7540,5.00128,;inf,6927,5712,8121,5.50148,;inf,7445,6070,8659,6.00161,;inf,7761,6420,9100,6.50175,;inf,8120,6760,9537,7.00185,;inf,8625,7080,10038,7.50197,;inf,9157,7400,10554,8.00226,;inf,9643,7720,11052,8.50248,;inf,10155,8033,11521,9.0016,;inf,10476,8334,11909,9.5017,;inf,10813,8637,12324,10.0019,;inf,11290,8921,12777,10.502,;inf,11743,9203,13215,11.0022,;inf,12237,9492,13672,11.5024,;inf,12667,9774,14092,12.0025,;inf,12937,10056,14434,12.5026,;inf,13275,10325,14800,13.0028,;inf,13725,10582,15212,13.5029,;inf,14091,10832,15588,14.003,;inf,14472,11091,15996,14.5032,;inf,14822,11341,16354,15.0034,;inf,15072,11584,16662,15.5035,;inf,15389,11826,16993,16.0037,;inf,15815,12070,17389,16.5038,;inf,16160,12295,17731,17.0039,;inf,16513,12515,18077,17.504,;inf,16789,12739,18386,18.0041,;inf,17025,12960,18681,18.5043,;inf,17315,13170,18992,19.0045,;inf,17672,13389,19332,19.5048,;inf,18024,13593,19659,20.0049,;inf,18364,13801,19983,20.5051,;inf,18675,14023,20295,21.0053,;inf,18880,14228,20545,21.5056,;inf,19169,14440,20841,22.0057,;inf,19500,14648,21157,22.5058,;inf,19864,14857,21484,23.0059,;inf,20203,15074,21810,23.5061,;inf,20467,15278,22083,24.0063,;inf,20718,15483,22364,24.5064,;inf,21004,15682,22674,25.0065,;inf,21314,15879,22986,25.5067,;inf,21632,16074,23298,26.0068,;inf,21942,16261,23588,26.5069,;inf,22154,16454,23840,27.007,;inf,22356,16658,24092,27.5072,;inf,22686,16850,24397,28.0074,;inf,23012,17039,24715,28.5075,;inf,23307,17221,25014,29.0076,;inf,23619,17406,25291,29.5078,;inf,23829,17590,25534,30.0079,;inf,24046,17778,25780,30.508,;inf,24363,17969,26063,31.0082,;inf,24685,18157,26360,31.5084,;inf,24964,18331,26635,32.0085,;inf,25193,18501,26877,32.5086,;inf,25400,18666,27087,33.0088,;inf,25622,18842,27340,33.5089,;inf,25922,19022,27604,34.009,;inf,26224,19201,27889,34.5092,;inf,26505,19370,28153,35.0094,;inf,26762,19553,28411,35.5095,;inf,26957,19725,28626,36.0097,;inf,27169,19894,28868,36.5098,;inf,27434,20058,29123,37.01,;inf,27729,20222,29381,37.5101,;inf,27996,20392,29646,38.0102,;inf,28227,20556,29873,38.5103,;inf,28413,20720,30086,39.0095,;inf,28631,20882,30316,39.5097,;inf,28944,21046,30588,40.0098,;inf,29229,21213,30863,40.5099,;inf,29517,21378,31112,41.0102,;inf,29714,21534,31320,41.5103,;inf,29882,21690,31525,42.0104,;inf,30106,21848,31762,42.5107,;inf,30357,22015,32007,43.0108,;inf,30644,22191,32272,43.511,;inf,30909,22352,32532,44.0111,;inf,31088,22511,32745,44.5112,;inf,31260,22670,32952,45.0113,;inf,31510,22824,33189,45.5115,;inf,31778,22983,33423,46.0116,;inf,32028,23125,33656,46.5117,;inf,32211,23264,33851,47.0118,;inf,32363,23409,34037,47.5121,;inf,32558,23559,34240,48.0122,;inf,32781,23693,34457,48.5124,;inf,32996,23830,34660,49.0125,;inf,33224,23976,34883,49.5127,;inf,33440,24127,35105,50.0128,;inf,33607,24276,35288,50.5129,;inf,33848,24428,35511,51.0131,;inf,34114,24579,35761,51.5132,;inf,34331,24728,35993,52.0134,;inf,34550,24867,36208,52.5135,;inf,34754,25007,36411,53.0136,;inf,34909,25136,36580,53.5137,;inf,35113,25268,36773,54.0138,;inf,35355,25406,37005,54.5141,;inf,35583,25534,37215,55.0142,;inf,35784,25671,37414,55.5143,;inf,35965,25806,37601,56.0144,;inf,36110,25937,37768,56.5146,;inf,36334,26065,37975,57.0147,;inf,36539,26193,38167,57.515,;inf,36757,26323,38354,58.0151,;inf,36991,26462,38573,58.5152,;inf,37138,26601,38744,59.0156,;inf,37302,26741,38924,59.5157,;inf,37483,26867,39115,60.016,;
inf,669,948,1161,0.500096,;inf,1323,1603,2054,1.00019,;inf,2209,2184,2984,1.50043,;inf,2966,2703,3797,2.00055,;inf,3723,3190,4548,2.50066,;inf,4361,3641,5228,3.00083,;inf,4771,4059,5752,3.50093,;inf,5178,4453,6282,4.00106,;inf,5770,4832,6878,4.50118,;inf,6281,5185,7426,5.0013,;inf,6808,5535,7984,5.50148,;inf,7328,5877,8517,6.00161,;inf,7660,6208,8947,6.50173,;inf,8025,6535,9388,7.00182,;inf,8534,6863,9911,7.50208,;inf,9073,7188,10419,8.00221,;inf,9536,7487,10907,8.50236,;inf,9972,7794,11371,9.00094,;inf,10273,8094,11751,9.50108,;inf,10624,8384,12138,10.0012,;inf,11087,8672,12598,10.5013,;inf,11515,8953,13031,11.0015,;inf,11968,9233,13470,11.5016,;inf,12378,9504,13876,12.0017,;inf,12628,9778,14219,12.5019,;inf,12981,10050,14604,13.002,;inf,13374,10311,15003,13.5021,;inf,13817,10575,15416,14.0022,;inf,14214,10840,15818,14.5023,;inf,14542,11091,16169,15.0026,;inf,14820,11347,16492,15.5027,;inf,15121,11583,16827,16.0028,;inf,15508,11816,17182,16.5029,;inf,15824,12036,17514,17.003,;inf,16164,12260,17860,17.5032,;inf,16459,12483,18176,18.0033,;inf,16712,12704,18459,18.5035,;inf,17038,12931,18803,19.0036,;inf,17400,13148,19136,19.5037,;inf,17781,13367,19499,20.0038,;inf,18175,13582,19858,20.504,;inf,18469,13808,20165,21.0041,;inf,18686,14021,20424,21.5043,;inf,19034,14246,20758,22.0044,;inf,19387,14444,21089,22.5046,;inf,19708,14650,21403,23.0047,;inf,20071,14865,21748,23.5049,;inf,20315,15075,22015,24.0051,;inf,20572,15287,22302,24.5052,;inf,20919,15497,22627,25.0054,;inf,21248,15713,22951,25.5055,;inf,21568,15924,23261,26.0056,;inf,21913,16131,23581,26.506,;inf,22128,16324,23818,27.0061,;inf,22334,16519,24063,27.5062,;inf,22649,16704,24353,28.0064,;inf,22981,16902,24655,28.5066,;inf,23308,17111,24993,29.0069,;inf,23585,17304,25268,29.507,;inf,23804,17488,25505,30.0072,;inf,24018,17675,25748,30.5073,;inf,24340,17867,26052,31.0074,;inf,24630,18038,26327,31.5075,;inf,24926,18217,26611,32.0077,;inf,25214,18405,26885,32.5078,;inf,25396,18583,27098,33.008,;inf,25653,18769,27357,33.5082,;inf,26004,18965,27660,34.0084,;inf,26312,19162,27952,34.5086,;inf,26623,19350,28246,35.0087,;inf,26885,19526,28507,35.5089,;inf,27067,19706,28730,36.009,;inf,27304,19880,28979,36.5092,;inf,27555,20031,29223,37.0093,;inf,27790,20191,29453,37.5094,;inf,28054,20347,29703,38.0095,;inf,28264,20508,29928,38.5096,;inf,28414,20659,30115,39.0084,;inf,28631,20805,30319,39.5085,;inf,28872,20958,30558,40.0087,;inf,29151,21114,30810,40.5089,;inf,29403,21272,31058,41.0091,;inf,29635,21432,31279,41.5092,;inf,29775,21579,31459,42.0093,;inf,30000,21728,31689,42.5094,;inf,30257,21889,31949,43.0095,;inf,30541,22052,32221,43.5096,;inf,30795,22199,32462,44.0099,;inf,31024,22361,32684,44.51,;inf,31184,22507,32872,45.0102,;inf,31439,22652,33103,45.5103,;inf,31693,22802,33338,46.0105,;inf,31940,22953,33581,46.5107,;inf,32156,23088,33785,47.0108,;inf,32326,23234,33980,47.5111,;inf,32541,23385,34194,48.0112,;inf,32789,23533,34422,48.5115,;inf,33029,23677,34651,49.0116,;inf,33287,23819,34873,49.5118,;inf,33526,23976,35105,50.0119,;inf,33702,24133,35310,50.512,;inf,33909,24285,35521,51.0122,;inf,34145,24436,35763,51.5123,;inf,34378,24580,35990,52.0124,;inf,34614,24721,36203,52.5126,;inf,34813,24855,36408,53.0127,;inf,34976,25000,36591,53.513,;inf,35159,25130,36780,54.0131,;inf,35411,25284,37019,54.5132,;inf,35651,25432,37240,55.0133,;inf,35912,25582,37485,55.5135,;inf,36105,25725,37667,56.0137,;inf,36243,25851,37838,56.5139,;inf,36477,25983,38046,57.014,;inf,36686,26117,38240,57.5142,;inf,36939,26260,38469,58.0144,;inf,37201,26403,38693,58.5146,;inf,37349,26534,38853,59.0148,;inf,37532,26671,39040,59.515,;inf,37759,26813,39265,60.0151,;
inf,626,963,1201,0.500114,;inf,1309,1631,2111,1.00023,;inf,2156,2215,3044,1.50041,;inf,2948,2747,3858,2.00055,;inf,3673,3250,4621,2.50071,;inf,4312,3715,5320,3.00083,;inf,4713,4148,5863,3.50097,;inf,5168,4546,6404,4.0011,;inf,5776,4930,7012,4.50125,;inf,6326,5291,7571,5.00144,;inf,6852,5650,8115,5.50155,;inf,7341,5986,8629,6.00166,;inf,7664,6315,9055,6.50194,;inf,8053,6638,9489,7.00204,;inf,8576,6971,9998,7.50218,;inf,9062,7280,10484,8.00251,;inf,9519,7583,10969,8.50266,;inf,9937,7880,11408,9.00175,;inf,10229,8173,11787,9.50199,;inf,10585,8469,12179,10.0022,;inf,11032,8735,12598,10.5023,;inf,11480,9002,13045,11.0025,;inf,11875,9262,13435,11.5026,;inf,12267,9539,13838,12.0027,;inf,12505,9785,14151,12.5028,;inf,12866,10051,14517,13.0029,;inf,13261,10302,14905,13.5031,;inf,13651,10543,15304,14.0033,;inf,14061,10787,15695,14.5034,;inf,14402,11034,16058,15.0035,;inf,14679,11279,16375,15.5036,;inf,15036,11523,16736,16.0037,;inf,15425,11765,17115,16.504,;inf,15784,11991,17465,17.0042,;inf,16144,12219,17832,17.5044,;inf,16449,12454,18155,18.0045,;inf,16712,12687,18458,18.5046,;inf,17032,12897,18787,19.0048,;inf,17415,13119,19144,19.5049,;inf,17795,13340,19492,20.0051,;inf,18138,13560,19836,20.5052,;inf,18414,13767,20121,21.0053,;inf,18624,13973,20392,21.5054,;inf,18943,14186,20715,22.0055,;inf,19266,14374,21021,22.5057,;inf,19611,14585,21358,23.0058,;inf,19950,14797,21681,23.5059,;inf,20173,15012,21964,24.006,;inf,20371,15217,22212,24.5061,;inf,20715,15422,22530,25.0062,;inf,21049,15623,22864,25.5062,;inf,21381,15825,23184,26.0063,;inf,21686,16025,23487,26.5064,;inf,21883,16213,23723,27.0065,;inf,22114,16410,23990,27.5066,;inf,22430,16612,24292,28.0068,;inf,22752,16806,24599,28.5069,;inf,23052,16984,24904,29.007,;inf,23339,17158,25166,29.5071,;inf,23569,17346,25409,30.0072,;inf,23821,17533,25673,30.5073,;inf,24112,17713,25970,31.0074,;inf,24439,17887,26254,31.5077,;inf,24702,18059,26525,32.0077,;inf,24949,18237,26773,32.5078,;inf,25151,18414,26999,33.008,;inf,25445,18602,27282,33.508,;inf,25716,18768,27541,34.0081,;inf,25990,18932,27784,34.5083,;inf,26290,19099,28060,35.0084,;inf,26488,19266,28276,35.5085,;inf,26684,19434,28489,36.0086,;inf,26953,19602,28758,36.5089,;inf,27217,19768,29019,37.009,;inf,27489,19937,29288,37.5091,;inf,27764,20104,29537,38.0092,;inf,27930,20249,29733,38.5093,;inf,28121,20414,29954,39.0081,;inf,28388,20578,30208,39.5082,;inf,28640,20734,30451,40.0085,;inf,28893,20886,30688,40.5086,;inf,29132,21057,30931,41.0087,;inf,29336,21227,31157,41.5088,;inf,29546,21405,31387,42.009,;inf,29826,21566,31654,42.509,;inf,30067,21719,31894,43.0091,;inf,30304,21876,32121,43.5092,;inf,30509,22021,32327,44.0093,;inf,30686,22173,32525,44.5094,;inf,30914,22332,32758,45.0095,;inf,31188,22490,32997,45.5097,;inf,31443,22652,33254,46.0099,;inf,31687,22809,33490,46.51,;inf,31892,22959,33704,47.0101,;inf,32046,23109,33892,47.5103,;inf,32272,23259,34112,48.0104,;inf,32555,23416,34359,48.5105,;inf,32815,23575,34600,49.0107,;inf,33080,23726,34845,49.5108,;inf,33264,23892,35065,50.011,;inf,33441,24041,35265,50.511,;inf,33680,24198,35503,51.0111,;inf,33960,24349,35746,51.5113,;inf,34242,24508,36012,52.0114,;inf,34480,24669,36262,52.5115,;inf,34671,24827,36478,53.0116,;inf,34838,24982,36684,53.5117,;inf,35085,25136,36918,54.0119,;inf,35357,25292,37160,54.512,;inf,35621,25446,37398,55.0121,;inf,35879,25599,37635,55.5121,;inf,36070,25754,37833,56.0123,;inf,36283,25906,38039,56.5123,;inf,36491,26054,38250,57.0124,;inf,36738,26203,38488,57.5125,;inf,37002,26354,38734,58.0126,;inf,37214,26510,38962,58.5129,;inf,37387,26660,39164,59.0131,;inf,37602,26798,39362,59.5131,;inf,37844,26951,39598,60.0133,;
inf,641,982,1180,0.500074,;inf,1298,1697,2123,1.00019,;inf,2210,2297,3091,1.50029,;inf,3036,2852,3967,2.00041,;inf,3805,3363,4761,2.50054,;inf,4500,3837,5487,3.00066,;inf,4920,4288,6064,3.50076,;inf,5375,4709,6602,4.00091,;inf,6018,5124,7246,4.50099,;inf,6634,5519,7873,5.00112,;inf,7202,5896,8455,5.50121,;inf,7734,6263,9001,6.00133,;inf,8081,6619,9459,6.50144,;inf,8434,6943,9884,7.00165,;inf,8962,7275,10406,7.5018,;inf,9476,7592,10899,8.00204,;inf,9976,7915,11367,8.50106,;inf,10398,8218,11827,9.00127,;inf,10712,8515,12209,9.50137,;inf,11055,8791,12586,10.0016,;inf,11497,9083,13018,10.5018,;inf,11914,9365,13444,11.0019,;inf,12396,9647,13916,11.502,;inf,12830,9930,14351,12.0024,;inf,13102,10213,14699,12.5026,;inf,13426,10457,15051,13.0027,;inf,13828,10707,15463,13.5028,;inf,14212,10948,15826,14.003,;inf,14590,11195,16208,14.5032,;inf,14934,11448,16575,15.0033,;inf,15180,11679,16863,15.5035,;inf,15484,11925,17186,16.0036,;inf,15899,12175,17576,16.5038,;inf,16281,12408,17931,17.0039,;inf,16700,12657,18320,17.5041,;inf,17007,12889,18645,18.0042,;inf,17234,13126,18949,18.5045,;inf,17555,13356,19292,19.0047,;inf,17904,13575,19632,19.5048,;inf,18273,13794,19978,20.0049,;inf,18669,14024,20348,20.5051,;inf,18919,14249,20649,21.0052,;inf,19163,14475,20940,21.5053,;inf,19477,14692,21271,22.0054,;inf,19867,14919,21643,22.5055,;inf,20217,15140,21993,23.0057,;inf,20568,15354,22332,23.5059,;inf,20803,15573,22621,24.0061,;inf,21043,15778,22888,24.5064,;inf,21376,15987,23208,25.0065,;inf,21721,16199,23538,25.5067,;inf,22043,16393,23843,26.0068,;inf,22434,16594,24190,26.5069,;inf,22626,16781,24435,27.007,;inf,22857,16972,24687,27.5071,;inf,23205,17179,25029,28.0072,;inf,23538,17382,25348,28.5073,;inf,23878,17579,25669,29.0075,;inf,24163,17763,25951,29.5077,;inf,24371,17954,26194,30.0079,;inf,24586,18146,26442,30.508,;inf,24908,18328,26731,31.0081,;inf,25226,18515,27026,31.5082,;inf,25527,18701,27317,32.0083,;inf,25812,18874,27594,32.5086,;inf,26012,19057,27826,33.0087,;inf,26222,19240,28068,33.5089,;inf,26533,19433,28370,34.009,;inf,26787,19614,28634,34.5091,;inf,27083,19791,28918,35.0092,;inf,27352,19965,29179,35.5094,;inf,27553,20143,29411,36.0096,;inf,27799,20313,29654,36.5097,;inf,28072,20484,29932,37.01,;inf,28390,20670,30221,37.5101,;inf,28694,20848,30503,38.0103,;inf,28909,21019,30739,38.5092,;inf,29130,21194,30976,39.0093,;inf,29374,21361,31204,39.5095,;inf,29686,21539,31496,40.0095,;inf,29963,21711,31766,40.5097,;inf,30234,21878,32034,41.0099,;inf,30472,22049,32274,41.51,;inf,30681,22227,32505,42.0101,;inf,30917,22394,32741,42.5103,;inf,31230,22565,33008,43.0105,;inf,31491,22728,33274,43.5107,;inf,31780,22901,33544,44.0108,;inf,31960,23061,33753,44.5109,;inf,32134,23230,33963,45.0111,;inf,32417,23396,34226,45.5113,;inf,32656,23567,34476,46.0114,;inf,32940,23729,34730,46.5115,;inf,33183,23884,34967,47.0117,;inf,33389,24055,35184,47.5118,;inf,33598,24219,35403,48.012,;inf,33868,24382,35654,48.5121,;inf,34138,24536,35897,49.0124,;inf,34413,24699,36148,49.5125,;inf,34686,24861,36390,50.0126,;inf,34862,25014,36578,50.5128,;inf,35075,25165,36803,51.0129,;inf,35349,25323,37064,51.513,;inf,35584,25475,37302,52.0131,;inf,35836,25629,37544,52.5133,;inf,36074,25788,37774,53.0134,;inf,36242,25948,37958,53.5135,;inf,36443,26098,38161,54.0138,;inf,36726,26257,38405,54.5139,;inf,36984,26408,38652,55.014,;inf,37269,26559,38902,55.5142,;inf,37471,26716,39125,56.0145,;inf,37628,26870,39309,56.5148,;inf,37844,27016,39521,57.015,;inf,38090,27163,39753,57.5152,;inf,38330,27317,39983,58.0154,;inf,38601,27472,40221,58.5155,;inf,38798,27619,40415,59.0157,;inf,38970,27756,40594,59.5158,;inf,39230,27904,40833,60.0159,;
inf,693,964,1180,0.50021,;inf,1382,1664,2135,1.0003,;inf,2287,2272,3115,1.50045,;inf,3109,2823,3987,2.0006,;inf,3845,3324,4752,2.50072,;inf,4517,3793,5455,3.00082,;inf,4947,4242,6033,3.50103,;inf,5406,4670,6611,4.00117,;inf,6023,5073,7236,4.50128,;inf,6605,5447,7803,5.00139,;inf,7142,5817,8351,5.50149,;inf,7615,6166,8864,6.00163,;inf,7931,6502,9297,6.50176,;inf,8288,6830,9733,7.00187,;inf,8831,7149,10265,7.50208,;inf,9338,7464,10784,8.00222,;inf,9805,7779,11255,8.50061,;inf,10220,8078,11689,9.00071,;inf,10516,8367,12081,9.50092,;inf,10858,8668,12500,10.0012,;inf,11334,8972,12975,10.5014,;inf,11794,9264,13430,11.0016,;inf,12213,9542,13851,11.5018,;inf,12629,9820,14263,12.0021,;inf,12911,10086,14606,12.5023,;inf,13259,10352,14991,13.0025,;inf,13674,10606,15397,13.5027,;inf,14048,10838,15762,14.0029,;inf,14454,11088,16144,14.503,;inf,14765,11343,16502,15.0032,;inf,15022,11595,16816,15.5035,;inf,15335,11828,17154,16.0036,;inf,15727,12074,17544,16.5038,;inf,16103,12308,17921,17.0039,;inf,16440,12532,18246,17.504,;inf,16717,12760,18555,18.0042,;inf,16929,12974,18823,18.5043,;inf,17241,13205,19145,19.0044,;inf,17594,13423,19487,19.5045,;inf,17988,13649,19850,20.0046,;inf,18367,13880,20210,20.5047,;inf,18652,14116,20525,21.0048,;inf,18874,14333,20799,21.5051,;inf,19199,14551,21119,22.0051,;inf,19555,14765,21455,22.5053,;inf,19920,14983,21795,23.0054,;inf,20197,15182,22095,23.5057,;inf,20422,15382,22365,24.0058,;inf,20642,15587,22628,24.5059,;inf,20974,15796,22951,25.0059,;inf,21304,16002,23276,25.5062,;inf,21627,16203,23574,26.0063,;inf,22035,16420,23927,26.5065,;inf,22241,16611,24178,27.0067,;inf,22444,16796,24418,27.5068,;inf,22745,16987,24728,28.0069,;inf,23078,17191,25044,28.507,;inf,23393,17393,25365,29.0071,;inf,23652,17577,25628,29.5073,;inf,23885,17775,25875,30.0074,;inf,24136,17967,26137,30.5076,;inf,24447,18166,26436,31.0077,;inf,24763,18371,26732,31.5079,;inf,25102,18562,27057,32.008,;inf,25388,18763,27351,32.5082,;inf,25633,18957,27606,33.0085,;inf,25857,19146,27849,33.5087,;inf,26154,19333,28137,34.0089,;inf,26433,19515,28429,34.5091,;inf,26748,19711,28721,35.0093,;inf,26980,19897,28962,35.5095,;inf,27168,20077,29194,36.0096,;inf,27423,20255,29434,36.5097,;inf,27697,20421,29697,37.0098,;inf,27988,20592,29971,37.5099,;inf,28273,20765,30239,38.0101,;inf,28492,20943,30477,38.5096,;inf,28683,21123,30705,39.0097,;inf,28894,21283,30929,39.5098,;inf,29173,21455,31198,40.01,;inf,29458,21637,31477,40.5102,;inf,29729,21808,31750,41.0104,;inf,29934,21980,31973,41.5106,;inf,30113,22144,32177,42.0107,;inf,30389,22319,32443,42.5108,;inf,30683,22490,32704,43.011,;inf,30932,22647,32948,43.5111,;inf,31159,22780,33153,44.0113,;inf,31345,22920,33341,44.5114,;inf,31495,23053,33510,45.0116,;inf,31717,23190,33732,45.5117,;inf,31953,23330,33942,46.0118,;inf,32190,23471,34168,46.512,;inf,32432,23610,34389,47.0121,;inf,32580,23740,34554,47.5122,;inf,32739,23870,34738,48.0124,;inf,32938,24005,34928,48.5125,;inf,33139,24133,35113,49.0126,;inf,33401,24280,35353,49.5128,;inf,33605,24439,35574,50.0129,;inf,33755,24564,35735,50.513,;inf,33950,24703,35939,51.0132,;inf,34202,24867,36194,51.5134,;inf,34472,25012,36446,52.0135,;inf,34716,25156,36680,52.5137,;inf,34941,25316,36902,53.0138,;inf,35098,25463,37088,53.514,;inf,35338,25611,37311,54.0141,;inf,35563,25762,37536,54.5142,;inf,35811,25904,37764,55.0143,;inf,36031,26041,37986,55.5144,;inf,36186,26179,38165,56.0145,;inf,36351,26313,38347,56.5146,;inf,36555,26438,38539,57.0148,;inf,36776,26574,38744,57.5148,;inf,37001,26703,38954,58.015,;inf,37230,26834,39161,58.5152,;inf,37395,26989,39356,59.0153,;inf,37547,27125,39532,59.5154,;inf,37772,27262,39739,60.0155,;
.
geometric_RTP
9 common properties
goal_bias = 0.05
intermediate_states = 0
longest_valid_segment_fraction = 0.01
projection.cellsize.0 = 0.527689
projection.cellsize.1 = 0.469162
projection.cellsize.2 = 0.539772
projection.cellsize_factor = 0
range = 0.1
valid_segment_count_factor = 1
22 properties for each run
approximate solution BOOLEAN
correct solution BOOLEAN
correct solution strict BOOLEAN
graph motions INTEGER
graph states INTEGER
memory REAL
simplification time REAL
simplified correct solution BOOLEAN
simplified correct solution strict BOOLEAN
simplified solution clearance REAL
simplified solution length REAL
simplified solution segments INTEGER
simplified solution smoothness REAL
solution clearance REAL
solution difference REAL
solution length REAL
solution segments INTEGER
solution smoothness REAL
solved BOOLEAN
status ENUM
time REAL
valid segment fraction REAL
20 runs
1; 1; 1; 660214; 660215; 184.328; 0.0047527; 1; 1; 0; 3.64742; 1; 0; 0; 13.6022; 6.26888; 14; 201.936; 0; 5; 60.0802; 0.974383; 
1; 1; 1; 662508; 662509; 336.984; 0.00499996; 1; 1; 0; 3.99556; 1; 0; 0; 13.4562; 5.12022; 11; 408.639; 0; 5; 60.0595; 0.978987; 
1; 1; 1; 658825; 658826; 338.078; 0.00456821; 1; 1; 0; 3.49847; 1; 0; 0; 13.7058; 5.40588; 14; 485.551; 0; 5; 60.0917; 0.970819; 
1; 1; 1; 663511; 663512; 338.078; 0.00653082; 1; 1; 0; 3.79265; 1; 0; 0; 13.5843; 5.8045; 15; 840.412; 0; 5; 60.1104; 0.975565; 
1; 1; 1; 664078; 664079; 338.57; 0.00390207; 1; 1; 0; 3.76935; 1; 0; 0; 13.5545; 4.99162; 14; 620.754; 0; 5; 60.0544; 0.973954; 
1; 1; 1; 667941; 667942; 338.832; 0.00580077; 1; 1; 0; 3.7332; 1; 0; 0; 13.5631; 7.18763; 21; 983.457; 0; 5; 60.0456; 0.977874; 
1; 1; 1; 675435; 675436; 340.68; 0.00627783; 1; 1; 0; 3.74892; 1; 0; 0; 13.6404; 6.93846; 24; 1357.49; 0; 5; 60.0403; 0.969984; 
1; 1; 1; 665175; 665176; 346.152; 0.00491124; 1; 1; 0; 3.84131; 1; 0; 0; 13.6344; 6.48106; 17; 436.9; 0; 5; 60.1076; 0.971298; 
1; 1; 1; 670587; 670588; 346.152; 0.00473041; 1; 1; 0; 3.77268; 1; 0; 0; 13.5553; 6.92131; 15; 373.574; 0; 5; 60.0864; 0.979322; 
1; 1; 1; 669757; 669758; 346.152; 0.00603473; 1; 1; 0; 3.731; 1; 0; 0; 13.5957; 4.47958; 12; 645.043; 0; 5; 60.1105; 0.972109; 
1; 1; 1; 667007; 667008; 346.152; 0.00636234; 1; 1; 0; 3.8864; 1; 0; 0; 13.5396; 7.03044; 22; 825.592; 0; 5; 60.007; 0.972217; 
1; 1; 1; 663307; 663308; 346.152; 0.00814147; 1; 1; 0; 3.80164; 1; 0; 0; 13.6041; 7.95852; 25; 1263.52; 0; 5; 60.0864; 0.969958; 
1; 1; 1; 667731; 667732; 346.152; 0.00515406; 1; 1; 0; 3.71199; 1; 0; 0; 13.5643; 3.99431; 9; 108.687; 0; 5; 60.0973; 0.969299; 
1; 1; 1; 664809; 664810; 346.152; 0.00494229; 1; 1; 0; 3.5609; 1; 0; 0; 13.6645; 5.00162; 12; 455.83; 0; 5; 60.0345; 0.978796; 
1; 1; 1; 659722; 659723; 346.152; 0.0057777; 1; 1; 0; 3.83221; 1; 0; 0; 13.6159; 7.44744; 21; 751.262; 0; 5; 60.0069; 0.971716; 
1; 1; 1; 661407; 661408; 346.152; 0.00674224; 1; 1; 0; 3.84296; 1; 0; 0; 13.555; 8.59876; 16; 406.22; 0; 5; 60.0773; 0.977901; 
1; 1; 1; 668138; 668139; 348.797; 0.00518536; 1; 1; 0; 3.65714; 1; 0; 0; 13.6163; 5.60584; 14; 411.825; 0; 5; 60.1119; 0.976387; 
1; 1; 1; 648878; 648879; 348.797; 0.00623992; 1; 1; 0; 4.00165; 1; 0; 0; 13.5005; 8.08546; 20; 950.633; 0; 5; 60.0286; 0.960596; 
1; 1; 1; 660034; 660035; 348.797; 0.00651969; 1; 1; 0; 3.64839; 1; 0; 0; 13.5745; 5.105; 15; 673.647; 0; 5; 60.1043; 0.973813; 
1; 1; 1; 655147; 655148; 348.797; 0.00511339; 1; 1; 0; 3.80504; 1; 0; 0; 13.5006; 6.3404; 17; 742.074; 0; 5; 60.0769; 0.972998; 
.
